ARM GAS  /var/folders/n1/76bg37b13ls08p1dhb9rhvd40000gn/T//ccVIwtzJ.s 			page 1


   1              		.cpu cortex-m4
   2              		.eabi_attribute 27, 1
   3              		.eabi_attribute 28, 1
   4              		.eabi_attribute 20, 1
   5              		.eabi_attribute 21, 1
   6              		.eabi_attribute 23, 3
   7              		.eabi_attribute 24, 1
   8              		.eabi_attribute 25, 1
   9              		.eabi_attribute 26, 1
  10              		.eabi_attribute 30, 1
  11              		.eabi_attribute 34, 1
  12              		.eabi_attribute 18, 4
  13              		.file	"croutine.c"
  14              		.text
  15              	.Ltext0:
  16              		.cfi_sections	.debug_frame
  17              	.Letext0:
  18              		.file 1 "/Users/drb/Downloads/gcc-arm-none-eabi-8-2018-q4-major/arm-none-eabi/include/machine/_def
  19              		.file 2 "/Users/drb/Downloads/gcc-arm-none-eabi-8-2018-q4-major/arm-none-eabi/include/sys/_stdint.
  20              		.file 3 "Core/Inc/FreeRTOSConfig.h"
ARM GAS  /var/folders/n1/76bg37b13ls08p1dhb9rhvd40000gn/T//ccVIwtzJ.s 			page 2


DEFINED SYMBOLS
                            *ABS*:0000000000000000 croutine.c

NO UNDEFINED SYMBOLS
