ARM GAS  /var/folders/n1/76bg37b13ls08p1dhb9rhvd40000gn/T//cc71uuky.s 			page 1


   1              		.cpu cortex-m4
   2              		.eabi_attribute 27, 1
   3              		.eabi_attribute 28, 1
   4              		.eabi_attribute 20, 1
   5              		.eabi_attribute 21, 1
   6              		.eabi_attribute 23, 3
   7              		.eabi_attribute 24, 1
   8              		.eabi_attribute 25, 1
   9              		.eabi_attribute 26, 1
  10              		.eabi_attribute 30, 1
  11              		.eabi_attribute 34, 1
  12              		.eabi_attribute 18, 4
  13              		.file	"stm32f4xx_hal_rng.c"
  14              		.text
  15              	.Ltext0:
  16              		.cfi_sections	.debug_frame
  17              		.section	.text.HAL_RNG_MspInit,"ax",%progbits
  18              		.align	1
  19              		.weak	HAL_RNG_MspInit
  20              		.arch armv7e-m
  21              		.syntax unified
  22              		.thumb
  23              		.thumb_func
  24              		.fpu fpv4-sp-d16
  26              	HAL_RNG_MspInit:
  27              	.LVL0:
  28              	.LFB128:
  29              		.file 1 "Drivers/STM32F4xx_HAL_Driver/Src/stm32f4xx_hal_rng.c"
   1:Drivers/STM32F4xx_HAL_Driver/Src/stm32f4xx_hal_rng.c **** /**
   2:Drivers/STM32F4xx_HAL_Driver/Src/stm32f4xx_hal_rng.c ****   ******************************************************************************
   3:Drivers/STM32F4xx_HAL_Driver/Src/stm32f4xx_hal_rng.c ****   * @file    stm32f4xx_hal_rng.c
   4:Drivers/STM32F4xx_HAL_Driver/Src/stm32f4xx_hal_rng.c ****   * @author  MCD Application Team
   5:Drivers/STM32F4xx_HAL_Driver/Src/stm32f4xx_hal_rng.c ****   * @brief   RNG HAL module driver.
   6:Drivers/STM32F4xx_HAL_Driver/Src/stm32f4xx_hal_rng.c ****   *          This file provides firmware functions to manage the following 
   7:Drivers/STM32F4xx_HAL_Driver/Src/stm32f4xx_hal_rng.c ****   *          functionalities of the Random Number Generator (RNG) peripheral:
   8:Drivers/STM32F4xx_HAL_Driver/Src/stm32f4xx_hal_rng.c ****   *           + Initialization/de-initialization functions
   9:Drivers/STM32F4xx_HAL_Driver/Src/stm32f4xx_hal_rng.c ****   *           + Peripheral Control functions 
  10:Drivers/STM32F4xx_HAL_Driver/Src/stm32f4xx_hal_rng.c ****   *           + Peripheral State functions
  11:Drivers/STM32F4xx_HAL_Driver/Src/stm32f4xx_hal_rng.c ****   *         
  12:Drivers/STM32F4xx_HAL_Driver/Src/stm32f4xx_hal_rng.c ****   @verbatim
  13:Drivers/STM32F4xx_HAL_Driver/Src/stm32f4xx_hal_rng.c ****   ==============================================================================
  14:Drivers/STM32F4xx_HAL_Driver/Src/stm32f4xx_hal_rng.c ****                      ##### How to use this driver #####
  15:Drivers/STM32F4xx_HAL_Driver/Src/stm32f4xx_hal_rng.c ****   ==============================================================================
  16:Drivers/STM32F4xx_HAL_Driver/Src/stm32f4xx_hal_rng.c ****   [..]
  17:Drivers/STM32F4xx_HAL_Driver/Src/stm32f4xx_hal_rng.c ****       The RNG HAL driver can be used as follows:
  18:Drivers/STM32F4xx_HAL_Driver/Src/stm32f4xx_hal_rng.c **** 
  19:Drivers/STM32F4xx_HAL_Driver/Src/stm32f4xx_hal_rng.c ****       (#) Enable the RNG controller clock using __HAL_RCC_RNG_CLK_ENABLE() macro 
  20:Drivers/STM32F4xx_HAL_Driver/Src/stm32f4xx_hal_rng.c ****           in HAL_RNG_MspInit().
  21:Drivers/STM32F4xx_HAL_Driver/Src/stm32f4xx_hal_rng.c ****       (#) Activate the RNG peripheral using HAL_RNG_Init() function.
  22:Drivers/STM32F4xx_HAL_Driver/Src/stm32f4xx_hal_rng.c ****       (#) Wait until the 32 bit Random Number Generator contains a valid 
  23:Drivers/STM32F4xx_HAL_Driver/Src/stm32f4xx_hal_rng.c ****           random data using (polling/interrupt) mode.   
  24:Drivers/STM32F4xx_HAL_Driver/Src/stm32f4xx_hal_rng.c ****       (#) Get the 32 bit random number using HAL_RNG_GenerateRandomNumber() function.
  25:Drivers/STM32F4xx_HAL_Driver/Src/stm32f4xx_hal_rng.c ****   
  26:Drivers/STM32F4xx_HAL_Driver/Src/stm32f4xx_hal_rng.c ****   @endverbatim
  27:Drivers/STM32F4xx_HAL_Driver/Src/stm32f4xx_hal_rng.c ****   ******************************************************************************
  28:Drivers/STM32F4xx_HAL_Driver/Src/stm32f4xx_hal_rng.c ****   * @attention
  29:Drivers/STM32F4xx_HAL_Driver/Src/stm32f4xx_hal_rng.c ****   *
ARM GAS  /var/folders/n1/76bg37b13ls08p1dhb9rhvd40000gn/T//cc71uuky.s 			page 2


  30:Drivers/STM32F4xx_HAL_Driver/Src/stm32f4xx_hal_rng.c ****   * <h2><center>&copy; COPYRIGHT(c) 2017 STMicroelectronics</center></h2>
  31:Drivers/STM32F4xx_HAL_Driver/Src/stm32f4xx_hal_rng.c ****   *
  32:Drivers/STM32F4xx_HAL_Driver/Src/stm32f4xx_hal_rng.c ****   * Redistribution and use in source and binary forms, with or without modification,
  33:Drivers/STM32F4xx_HAL_Driver/Src/stm32f4xx_hal_rng.c ****   * are permitted provided that the following conditions are met:
  34:Drivers/STM32F4xx_HAL_Driver/Src/stm32f4xx_hal_rng.c ****   *   1. Redistributions of source code must retain the above copyright notice,
  35:Drivers/STM32F4xx_HAL_Driver/Src/stm32f4xx_hal_rng.c ****   *      this list of conditions and the following disclaimer.
  36:Drivers/STM32F4xx_HAL_Driver/Src/stm32f4xx_hal_rng.c ****   *   2. Redistributions in binary form must reproduce the above copyright notice,
  37:Drivers/STM32F4xx_HAL_Driver/Src/stm32f4xx_hal_rng.c ****   *      this list of conditions and the following disclaimer in the documentation
  38:Drivers/STM32F4xx_HAL_Driver/Src/stm32f4xx_hal_rng.c ****   *      and/or other materials provided with the distribution.
  39:Drivers/STM32F4xx_HAL_Driver/Src/stm32f4xx_hal_rng.c ****   *   3. Neither the name of STMicroelectronics nor the names of its contributors
  40:Drivers/STM32F4xx_HAL_Driver/Src/stm32f4xx_hal_rng.c ****   *      may be used to endorse or promote products derived from this software
  41:Drivers/STM32F4xx_HAL_Driver/Src/stm32f4xx_hal_rng.c ****   *      without specific prior written permission.
  42:Drivers/STM32F4xx_HAL_Driver/Src/stm32f4xx_hal_rng.c ****   *
  43:Drivers/STM32F4xx_HAL_Driver/Src/stm32f4xx_hal_rng.c ****   * THIS SOFTWARE IS PROVIDED BY THE COPYRIGHT HOLDERS AND CONTRIBUTORS "AS IS"
  44:Drivers/STM32F4xx_HAL_Driver/Src/stm32f4xx_hal_rng.c ****   * AND ANY EXPRESS OR IMPLIED WARRANTIES, INCLUDING, BUT NOT LIMITED TO, THE
  45:Drivers/STM32F4xx_HAL_Driver/Src/stm32f4xx_hal_rng.c ****   * IMPLIED WARRANTIES OF MERCHANTABILITY AND FITNESS FOR A PARTICULAR PURPOSE ARE
  46:Drivers/STM32F4xx_HAL_Driver/Src/stm32f4xx_hal_rng.c ****   * DISCLAIMED. IN NO EVENT SHALL THE COPYRIGHT HOLDER OR CONTRIBUTORS BE LIABLE
  47:Drivers/STM32F4xx_HAL_Driver/Src/stm32f4xx_hal_rng.c ****   * FOR ANY DIRECT, INDIRECT, INCIDENTAL, SPECIAL, EXEMPLARY, OR CONSEQUENTIAL
  48:Drivers/STM32F4xx_HAL_Driver/Src/stm32f4xx_hal_rng.c ****   * DAMAGES (INCLUDING, BUT NOT LIMITED TO, PROCUREMENT OF SUBSTITUTE GOODS OR
  49:Drivers/STM32F4xx_HAL_Driver/Src/stm32f4xx_hal_rng.c ****   * SERVICES; LOSS OF USE, DATA, OR PROFITS; OR BUSINESS INTERRUPTION) HOWEVER
  50:Drivers/STM32F4xx_HAL_Driver/Src/stm32f4xx_hal_rng.c ****   * CAUSED AND ON ANY THEORY OF LIABILITY, WHETHER IN CONTRACT, STRICT LIABILITY,
  51:Drivers/STM32F4xx_HAL_Driver/Src/stm32f4xx_hal_rng.c ****   * OR TORT (INCLUDING NEGLIGENCE OR OTHERWISE) ARISING IN ANY WAY OUT OF THE USE
  52:Drivers/STM32F4xx_HAL_Driver/Src/stm32f4xx_hal_rng.c ****   * OF THIS SOFTWARE, EVEN IF ADVISED OF THE POSSIBILITY OF SUCH DAMAGE.
  53:Drivers/STM32F4xx_HAL_Driver/Src/stm32f4xx_hal_rng.c ****   *
  54:Drivers/STM32F4xx_HAL_Driver/Src/stm32f4xx_hal_rng.c ****   ******************************************************************************
  55:Drivers/STM32F4xx_HAL_Driver/Src/stm32f4xx_hal_rng.c ****   */ 
  56:Drivers/STM32F4xx_HAL_Driver/Src/stm32f4xx_hal_rng.c **** 
  57:Drivers/STM32F4xx_HAL_Driver/Src/stm32f4xx_hal_rng.c **** /* Includes ------------------------------------------------------------------*/
  58:Drivers/STM32F4xx_HAL_Driver/Src/stm32f4xx_hal_rng.c **** #include "stm32f4xx_hal.h"
  59:Drivers/STM32F4xx_HAL_Driver/Src/stm32f4xx_hal_rng.c **** 
  60:Drivers/STM32F4xx_HAL_Driver/Src/stm32f4xx_hal_rng.c **** /** @addtogroup STM32F4xx_HAL_Driver
  61:Drivers/STM32F4xx_HAL_Driver/Src/stm32f4xx_hal_rng.c ****   * @{
  62:Drivers/STM32F4xx_HAL_Driver/Src/stm32f4xx_hal_rng.c ****   */
  63:Drivers/STM32F4xx_HAL_Driver/Src/stm32f4xx_hal_rng.c **** 
  64:Drivers/STM32F4xx_HAL_Driver/Src/stm32f4xx_hal_rng.c **** /** @addtogroup RNG 
  65:Drivers/STM32F4xx_HAL_Driver/Src/stm32f4xx_hal_rng.c ****   * @{
  66:Drivers/STM32F4xx_HAL_Driver/Src/stm32f4xx_hal_rng.c ****   */
  67:Drivers/STM32F4xx_HAL_Driver/Src/stm32f4xx_hal_rng.c **** 
  68:Drivers/STM32F4xx_HAL_Driver/Src/stm32f4xx_hal_rng.c **** #ifdef HAL_RNG_MODULE_ENABLED
  69:Drivers/STM32F4xx_HAL_Driver/Src/stm32f4xx_hal_rng.c **** 
  70:Drivers/STM32F4xx_HAL_Driver/Src/stm32f4xx_hal_rng.c **** #if defined(STM32F405xx) || defined(STM32F415xx) || defined(STM32F407xx) || defined(STM32F417xx) ||
  71:Drivers/STM32F4xx_HAL_Driver/Src/stm32f4xx_hal_rng.c ****     defined(STM32F427xx) || defined(STM32F437xx) || defined(STM32F429xx) || defined(STM32F439xx) ||
  72:Drivers/STM32F4xx_HAL_Driver/Src/stm32f4xx_hal_rng.c ****     defined(STM32F410Tx) || defined(STM32F410Cx) || defined(STM32F410Rx) || defined(STM32F469xx) ||
  73:Drivers/STM32F4xx_HAL_Driver/Src/stm32f4xx_hal_rng.c ****     defined(STM32F479xx) || defined(STM32F412Zx) || defined(STM32F412Vx) || defined(STM32F412Rx) ||
  74:Drivers/STM32F4xx_HAL_Driver/Src/stm32f4xx_hal_rng.c ****     defined(STM32F412Cx) || defined(STM32F413xx) || defined(STM32F423xx)
  75:Drivers/STM32F4xx_HAL_Driver/Src/stm32f4xx_hal_rng.c **** 
  76:Drivers/STM32F4xx_HAL_Driver/Src/stm32f4xx_hal_rng.c **** 
  77:Drivers/STM32F4xx_HAL_Driver/Src/stm32f4xx_hal_rng.c **** /* Private types -------------------------------------------------------------*/
  78:Drivers/STM32F4xx_HAL_Driver/Src/stm32f4xx_hal_rng.c **** /* Private defines -----------------------------------------------------------*/
  79:Drivers/STM32F4xx_HAL_Driver/Src/stm32f4xx_hal_rng.c **** /* Private variables ---------------------------------------------------------*/
  80:Drivers/STM32F4xx_HAL_Driver/Src/stm32f4xx_hal_rng.c **** /* Private constants ---------------------------------------------------------*/
  81:Drivers/STM32F4xx_HAL_Driver/Src/stm32f4xx_hal_rng.c **** /** @addtogroup RNG_Private_Constants
  82:Drivers/STM32F4xx_HAL_Driver/Src/stm32f4xx_hal_rng.c ****   * @{
  83:Drivers/STM32F4xx_HAL_Driver/Src/stm32f4xx_hal_rng.c ****   */
  84:Drivers/STM32F4xx_HAL_Driver/Src/stm32f4xx_hal_rng.c **** #define RNG_TIMEOUT_VALUE     2U
  85:Drivers/STM32F4xx_HAL_Driver/Src/stm32f4xx_hal_rng.c **** /**
  86:Drivers/STM32F4xx_HAL_Driver/Src/stm32f4xx_hal_rng.c ****   * @}
ARM GAS  /var/folders/n1/76bg37b13ls08p1dhb9rhvd40000gn/T//cc71uuky.s 			page 3


  87:Drivers/STM32F4xx_HAL_Driver/Src/stm32f4xx_hal_rng.c ****   */ 
  88:Drivers/STM32F4xx_HAL_Driver/Src/stm32f4xx_hal_rng.c **** /* Private macros ------------------------------------------------------------*/
  89:Drivers/STM32F4xx_HAL_Driver/Src/stm32f4xx_hal_rng.c **** /* Private functions prototypes ----------------------------------------------*/
  90:Drivers/STM32F4xx_HAL_Driver/Src/stm32f4xx_hal_rng.c **** /* Private functions ---------------------------------------------------------*/
  91:Drivers/STM32F4xx_HAL_Driver/Src/stm32f4xx_hal_rng.c **** /* Exported functions --------------------------------------------------------*/
  92:Drivers/STM32F4xx_HAL_Driver/Src/stm32f4xx_hal_rng.c **** 
  93:Drivers/STM32F4xx_HAL_Driver/Src/stm32f4xx_hal_rng.c **** /** @addtogroup RNG_Exported_Functions
  94:Drivers/STM32F4xx_HAL_Driver/Src/stm32f4xx_hal_rng.c ****   * @{
  95:Drivers/STM32F4xx_HAL_Driver/Src/stm32f4xx_hal_rng.c ****   */
  96:Drivers/STM32F4xx_HAL_Driver/Src/stm32f4xx_hal_rng.c **** 
  97:Drivers/STM32F4xx_HAL_Driver/Src/stm32f4xx_hal_rng.c **** /** @addtogroup RNG_Exported_Functions_Group1
  98:Drivers/STM32F4xx_HAL_Driver/Src/stm32f4xx_hal_rng.c ****  *  @brief   Initialization and de-initialization functions
  99:Drivers/STM32F4xx_HAL_Driver/Src/stm32f4xx_hal_rng.c ****  *
 100:Drivers/STM32F4xx_HAL_Driver/Src/stm32f4xx_hal_rng.c **** @verbatim
 101:Drivers/STM32F4xx_HAL_Driver/Src/stm32f4xx_hal_rng.c ****  ===============================================================================
 102:Drivers/STM32F4xx_HAL_Driver/Src/stm32f4xx_hal_rng.c ****           ##### Initialization and de-initialization functions #####
 103:Drivers/STM32F4xx_HAL_Driver/Src/stm32f4xx_hal_rng.c ****  ===============================================================================
 104:Drivers/STM32F4xx_HAL_Driver/Src/stm32f4xx_hal_rng.c ****     [..]  This section provides functions allowing to:
 105:Drivers/STM32F4xx_HAL_Driver/Src/stm32f4xx_hal_rng.c ****       (+) Initialize the RNG according to the specified parameters 
 106:Drivers/STM32F4xx_HAL_Driver/Src/stm32f4xx_hal_rng.c ****           in the RNG_InitTypeDef and create the associated handle
 107:Drivers/STM32F4xx_HAL_Driver/Src/stm32f4xx_hal_rng.c ****       (+) DeInitialize the RNG peripheral
 108:Drivers/STM32F4xx_HAL_Driver/Src/stm32f4xx_hal_rng.c ****       (+) Initialize the RNG MSP
 109:Drivers/STM32F4xx_HAL_Driver/Src/stm32f4xx_hal_rng.c ****       (+) DeInitialize RNG MSP 
 110:Drivers/STM32F4xx_HAL_Driver/Src/stm32f4xx_hal_rng.c **** 
 111:Drivers/STM32F4xx_HAL_Driver/Src/stm32f4xx_hal_rng.c **** @endverbatim
 112:Drivers/STM32F4xx_HAL_Driver/Src/stm32f4xx_hal_rng.c ****   * @{
 113:Drivers/STM32F4xx_HAL_Driver/Src/stm32f4xx_hal_rng.c ****   */
 114:Drivers/STM32F4xx_HAL_Driver/Src/stm32f4xx_hal_rng.c ****   
 115:Drivers/STM32F4xx_HAL_Driver/Src/stm32f4xx_hal_rng.c **** /**
 116:Drivers/STM32F4xx_HAL_Driver/Src/stm32f4xx_hal_rng.c ****   * @brief  Initializes the RNG peripheral and creates the associated handle.
 117:Drivers/STM32F4xx_HAL_Driver/Src/stm32f4xx_hal_rng.c ****   * @param  hrng pointer to a RNG_HandleTypeDef structure that contains
 118:Drivers/STM32F4xx_HAL_Driver/Src/stm32f4xx_hal_rng.c ****   *                the configuration information for RNG.
 119:Drivers/STM32F4xx_HAL_Driver/Src/stm32f4xx_hal_rng.c ****   * @retval HAL status
 120:Drivers/STM32F4xx_HAL_Driver/Src/stm32f4xx_hal_rng.c ****   */
 121:Drivers/STM32F4xx_HAL_Driver/Src/stm32f4xx_hal_rng.c **** HAL_StatusTypeDef HAL_RNG_Init(RNG_HandleTypeDef *hrng)
 122:Drivers/STM32F4xx_HAL_Driver/Src/stm32f4xx_hal_rng.c **** { 
 123:Drivers/STM32F4xx_HAL_Driver/Src/stm32f4xx_hal_rng.c ****   /* Check the RNG handle allocation */
 124:Drivers/STM32F4xx_HAL_Driver/Src/stm32f4xx_hal_rng.c ****   if(hrng == NULL)
 125:Drivers/STM32F4xx_HAL_Driver/Src/stm32f4xx_hal_rng.c ****   {
 126:Drivers/STM32F4xx_HAL_Driver/Src/stm32f4xx_hal_rng.c ****     return HAL_ERROR;
 127:Drivers/STM32F4xx_HAL_Driver/Src/stm32f4xx_hal_rng.c ****   }
 128:Drivers/STM32F4xx_HAL_Driver/Src/stm32f4xx_hal_rng.c **** 
 129:Drivers/STM32F4xx_HAL_Driver/Src/stm32f4xx_hal_rng.c ****   if(hrng->State == HAL_RNG_STATE_RESET)
 130:Drivers/STM32F4xx_HAL_Driver/Src/stm32f4xx_hal_rng.c ****   {  
 131:Drivers/STM32F4xx_HAL_Driver/Src/stm32f4xx_hal_rng.c ****     /* Allocate lock resource and initialize it */
 132:Drivers/STM32F4xx_HAL_Driver/Src/stm32f4xx_hal_rng.c ****     hrng->Lock = HAL_UNLOCKED;
 133:Drivers/STM32F4xx_HAL_Driver/Src/stm32f4xx_hal_rng.c ****     /* Init the low level hardware */
 134:Drivers/STM32F4xx_HAL_Driver/Src/stm32f4xx_hal_rng.c ****     HAL_RNG_MspInit(hrng);
 135:Drivers/STM32F4xx_HAL_Driver/Src/stm32f4xx_hal_rng.c ****   }
 136:Drivers/STM32F4xx_HAL_Driver/Src/stm32f4xx_hal_rng.c ****   
 137:Drivers/STM32F4xx_HAL_Driver/Src/stm32f4xx_hal_rng.c ****   /* Change RNG peripheral state */
 138:Drivers/STM32F4xx_HAL_Driver/Src/stm32f4xx_hal_rng.c ****   hrng->State = HAL_RNG_STATE_BUSY;
 139:Drivers/STM32F4xx_HAL_Driver/Src/stm32f4xx_hal_rng.c **** 
 140:Drivers/STM32F4xx_HAL_Driver/Src/stm32f4xx_hal_rng.c ****   /* Enable the RNG Peripheral */
 141:Drivers/STM32F4xx_HAL_Driver/Src/stm32f4xx_hal_rng.c ****   __HAL_RNG_ENABLE(hrng);
 142:Drivers/STM32F4xx_HAL_Driver/Src/stm32f4xx_hal_rng.c **** 
 143:Drivers/STM32F4xx_HAL_Driver/Src/stm32f4xx_hal_rng.c ****   /* Initialize the RNG state */
ARM GAS  /var/folders/n1/76bg37b13ls08p1dhb9rhvd40000gn/T//cc71uuky.s 			page 4


 144:Drivers/STM32F4xx_HAL_Driver/Src/stm32f4xx_hal_rng.c ****   hrng->State = HAL_RNG_STATE_READY;
 145:Drivers/STM32F4xx_HAL_Driver/Src/stm32f4xx_hal_rng.c **** 
 146:Drivers/STM32F4xx_HAL_Driver/Src/stm32f4xx_hal_rng.c ****   /* Return function status */
 147:Drivers/STM32F4xx_HAL_Driver/Src/stm32f4xx_hal_rng.c ****   return HAL_OK;
 148:Drivers/STM32F4xx_HAL_Driver/Src/stm32f4xx_hal_rng.c **** }
 149:Drivers/STM32F4xx_HAL_Driver/Src/stm32f4xx_hal_rng.c **** 
 150:Drivers/STM32F4xx_HAL_Driver/Src/stm32f4xx_hal_rng.c **** /**
 151:Drivers/STM32F4xx_HAL_Driver/Src/stm32f4xx_hal_rng.c ****   * @brief  DeInitializes the RNG peripheral. 
 152:Drivers/STM32F4xx_HAL_Driver/Src/stm32f4xx_hal_rng.c ****   * @param  hrng pointer to a RNG_HandleTypeDef structure that contains
 153:Drivers/STM32F4xx_HAL_Driver/Src/stm32f4xx_hal_rng.c ****   *                the configuration information for RNG.
 154:Drivers/STM32F4xx_HAL_Driver/Src/stm32f4xx_hal_rng.c ****   * @retval HAL status
 155:Drivers/STM32F4xx_HAL_Driver/Src/stm32f4xx_hal_rng.c ****   */
 156:Drivers/STM32F4xx_HAL_Driver/Src/stm32f4xx_hal_rng.c **** HAL_StatusTypeDef HAL_RNG_DeInit(RNG_HandleTypeDef *hrng)
 157:Drivers/STM32F4xx_HAL_Driver/Src/stm32f4xx_hal_rng.c **** { 
 158:Drivers/STM32F4xx_HAL_Driver/Src/stm32f4xx_hal_rng.c ****   /* Check the RNG handle allocation */
 159:Drivers/STM32F4xx_HAL_Driver/Src/stm32f4xx_hal_rng.c ****   if(hrng == NULL)
 160:Drivers/STM32F4xx_HAL_Driver/Src/stm32f4xx_hal_rng.c ****   {
 161:Drivers/STM32F4xx_HAL_Driver/Src/stm32f4xx_hal_rng.c ****     return HAL_ERROR;
 162:Drivers/STM32F4xx_HAL_Driver/Src/stm32f4xx_hal_rng.c ****   }
 163:Drivers/STM32F4xx_HAL_Driver/Src/stm32f4xx_hal_rng.c ****   /* Disable the RNG Peripheral */
 164:Drivers/STM32F4xx_HAL_Driver/Src/stm32f4xx_hal_rng.c ****   CLEAR_BIT(hrng->Instance->CR, RNG_CR_IE | RNG_CR_RNGEN);
 165:Drivers/STM32F4xx_HAL_Driver/Src/stm32f4xx_hal_rng.c ****   
 166:Drivers/STM32F4xx_HAL_Driver/Src/stm32f4xx_hal_rng.c ****   /* Clear RNG interrupt status flags */
 167:Drivers/STM32F4xx_HAL_Driver/Src/stm32f4xx_hal_rng.c ****   CLEAR_BIT(hrng->Instance->SR, RNG_SR_CEIS | RNG_SR_SEIS);
 168:Drivers/STM32F4xx_HAL_Driver/Src/stm32f4xx_hal_rng.c ****   
 169:Drivers/STM32F4xx_HAL_Driver/Src/stm32f4xx_hal_rng.c ****   /* DeInit the low level hardware */
 170:Drivers/STM32F4xx_HAL_Driver/Src/stm32f4xx_hal_rng.c ****   HAL_RNG_MspDeInit(hrng);
 171:Drivers/STM32F4xx_HAL_Driver/Src/stm32f4xx_hal_rng.c ****   
 172:Drivers/STM32F4xx_HAL_Driver/Src/stm32f4xx_hal_rng.c ****   /* Update the RNG state */
 173:Drivers/STM32F4xx_HAL_Driver/Src/stm32f4xx_hal_rng.c ****   hrng->State = HAL_RNG_STATE_RESET; 
 174:Drivers/STM32F4xx_HAL_Driver/Src/stm32f4xx_hal_rng.c **** 
 175:Drivers/STM32F4xx_HAL_Driver/Src/stm32f4xx_hal_rng.c ****   /* Release Lock */
 176:Drivers/STM32F4xx_HAL_Driver/Src/stm32f4xx_hal_rng.c ****   __HAL_UNLOCK(hrng);
 177:Drivers/STM32F4xx_HAL_Driver/Src/stm32f4xx_hal_rng.c ****   
 178:Drivers/STM32F4xx_HAL_Driver/Src/stm32f4xx_hal_rng.c ****   /* Return the function status */
 179:Drivers/STM32F4xx_HAL_Driver/Src/stm32f4xx_hal_rng.c ****   return HAL_OK;
 180:Drivers/STM32F4xx_HAL_Driver/Src/stm32f4xx_hal_rng.c **** }
 181:Drivers/STM32F4xx_HAL_Driver/Src/stm32f4xx_hal_rng.c **** 
 182:Drivers/STM32F4xx_HAL_Driver/Src/stm32f4xx_hal_rng.c **** /**
 183:Drivers/STM32F4xx_HAL_Driver/Src/stm32f4xx_hal_rng.c ****   * @brief  Initializes the RNG MSP.
 184:Drivers/STM32F4xx_HAL_Driver/Src/stm32f4xx_hal_rng.c ****   * @param  hrng pointer to a RNG_HandleTypeDef structure that contains
 185:Drivers/STM32F4xx_HAL_Driver/Src/stm32f4xx_hal_rng.c ****   *                the configuration information for RNG.
 186:Drivers/STM32F4xx_HAL_Driver/Src/stm32f4xx_hal_rng.c ****   * @retval None
 187:Drivers/STM32F4xx_HAL_Driver/Src/stm32f4xx_hal_rng.c ****   */
 188:Drivers/STM32F4xx_HAL_Driver/Src/stm32f4xx_hal_rng.c **** __weak void HAL_RNG_MspInit(RNG_HandleTypeDef *hrng)
 189:Drivers/STM32F4xx_HAL_Driver/Src/stm32f4xx_hal_rng.c **** {
  30              		.loc 1 189 1 view -0
  31              		.cfi_startproc
  32              		@ args = 0, pretend = 0, frame = 0
  33              		@ frame_needed = 0, uses_anonymous_args = 0
  34              		@ link register save eliminated.
 190:Drivers/STM32F4xx_HAL_Driver/Src/stm32f4xx_hal_rng.c ****   /* Prevent unused argument(s) compilation warning */
 191:Drivers/STM32F4xx_HAL_Driver/Src/stm32f4xx_hal_rng.c ****   UNUSED(hrng);
  35              		.loc 1 191 3 view .LVU1
 192:Drivers/STM32F4xx_HAL_Driver/Src/stm32f4xx_hal_rng.c ****   /* NOTE : This function should not be modified. When the callback is needed,
 193:Drivers/STM32F4xx_HAL_Driver/Src/stm32f4xx_hal_rng.c ****             function HAL_RNG_MspInit must be implemented in the user file.
 194:Drivers/STM32F4xx_HAL_Driver/Src/stm32f4xx_hal_rng.c ****    */
ARM GAS  /var/folders/n1/76bg37b13ls08p1dhb9rhvd40000gn/T//cc71uuky.s 			page 5


 195:Drivers/STM32F4xx_HAL_Driver/Src/stm32f4xx_hal_rng.c **** }
  36              		.loc 1 195 1 is_stmt 0 view .LVU2
  37 0000 7047     		bx	lr
  38              		.cfi_endproc
  39              	.LFE128:
  41              		.section	.text.HAL_RNG_Init,"ax",%progbits
  42              		.align	1
  43              		.global	HAL_RNG_Init
  44              		.syntax unified
  45              		.thumb
  46              		.thumb_func
  47              		.fpu fpv4-sp-d16
  49              	HAL_RNG_Init:
  50              	.LVL1:
  51              	.LFB126:
 122:Drivers/STM32F4xx_HAL_Driver/Src/stm32f4xx_hal_rng.c ****   /* Check the RNG handle allocation */
  52              		.loc 1 122 1 is_stmt 1 view -0
  53              		.cfi_startproc
  54              		@ args = 0, pretend = 0, frame = 0
  55              		@ frame_needed = 0, uses_anonymous_args = 0
 124:Drivers/STM32F4xx_HAL_Driver/Src/stm32f4xx_hal_rng.c ****   {
  56              		.loc 1 124 3 view .LVU4
 124:Drivers/STM32F4xx_HAL_Driver/Src/stm32f4xx_hal_rng.c ****   {
  57              		.loc 1 124 5 is_stmt 0 view .LVU5
  58 0000 90B1     		cbz	r0, .L5
 122:Drivers/STM32F4xx_HAL_Driver/Src/stm32f4xx_hal_rng.c ****   /* Check the RNG handle allocation */
  59              		.loc 1 122 1 view .LVU6
  60 0002 10B5     		push	{r4, lr}
  61              	.LCFI0:
  62              		.cfi_def_cfa_offset 8
  63              		.cfi_offset 4, -8
  64              		.cfi_offset 14, -4
  65 0004 0446     		mov	r4, r0
 129:Drivers/STM32F4xx_HAL_Driver/Src/stm32f4xx_hal_rng.c ****   {  
  66              		.loc 1 129 3 is_stmt 1 view .LVU7
 129:Drivers/STM32F4xx_HAL_Driver/Src/stm32f4xx_hal_rng.c ****   {  
  67              		.loc 1 129 10 is_stmt 0 view .LVU8
  68 0006 4379     		ldrb	r3, [r0, #5]	@ zero_extendqisi2
 129:Drivers/STM32F4xx_HAL_Driver/Src/stm32f4xx_hal_rng.c ****   {  
  69              		.loc 1 129 5 view .LVU9
  70 0008 53B1     		cbz	r3, .L10
  71              	.LVL2:
  72              	.L4:
 138:Drivers/STM32F4xx_HAL_Driver/Src/stm32f4xx_hal_rng.c **** 
  73              		.loc 1 138 3 is_stmt 1 view .LVU10
 138:Drivers/STM32F4xx_HAL_Driver/Src/stm32f4xx_hal_rng.c **** 
  74              		.loc 1 138 15 is_stmt 0 view .LVU11
  75 000a 0223     		movs	r3, #2
  76 000c 6371     		strb	r3, [r4, #5]
 141:Drivers/STM32F4xx_HAL_Driver/Src/stm32f4xx_hal_rng.c **** 
  77              		.loc 1 141 3 is_stmt 1 view .LVU12
  78 000e 2268     		ldr	r2, [r4]
  79 0010 1368     		ldr	r3, [r2]
  80 0012 43F00403 		orr	r3, r3, #4
  81 0016 1360     		str	r3, [r2]
 144:Drivers/STM32F4xx_HAL_Driver/Src/stm32f4xx_hal_rng.c **** 
  82              		.loc 1 144 3 view .LVU13
ARM GAS  /var/folders/n1/76bg37b13ls08p1dhb9rhvd40000gn/T//cc71uuky.s 			page 6


 144:Drivers/STM32F4xx_HAL_Driver/Src/stm32f4xx_hal_rng.c **** 
  83              		.loc 1 144 15 is_stmt 0 view .LVU14
  84 0018 0123     		movs	r3, #1
  85 001a 6371     		strb	r3, [r4, #5]
 147:Drivers/STM32F4xx_HAL_Driver/Src/stm32f4xx_hal_rng.c **** }
  86              		.loc 1 147 3 is_stmt 1 view .LVU15
 147:Drivers/STM32F4xx_HAL_Driver/Src/stm32f4xx_hal_rng.c **** }
  87              		.loc 1 147 10 is_stmt 0 view .LVU16
  88 001c 0020     		movs	r0, #0
 148:Drivers/STM32F4xx_HAL_Driver/Src/stm32f4xx_hal_rng.c **** 
  89              		.loc 1 148 1 view .LVU17
  90 001e 10BD     		pop	{r4, pc}
  91              	.LVL3:
  92              	.L10:
 132:Drivers/STM32F4xx_HAL_Driver/Src/stm32f4xx_hal_rng.c ****     /* Init the low level hardware */
  93              		.loc 1 132 5 is_stmt 1 view .LVU18
 132:Drivers/STM32F4xx_HAL_Driver/Src/stm32f4xx_hal_rng.c ****     /* Init the low level hardware */
  94              		.loc 1 132 16 is_stmt 0 view .LVU19
  95 0020 0371     		strb	r3, [r0, #4]
 134:Drivers/STM32F4xx_HAL_Driver/Src/stm32f4xx_hal_rng.c ****   }
  96              		.loc 1 134 5 is_stmt 1 view .LVU20
  97 0022 FFF7FEFF 		bl	HAL_RNG_MspInit
  98              	.LVL4:
 134:Drivers/STM32F4xx_HAL_Driver/Src/stm32f4xx_hal_rng.c ****   }
  99              		.loc 1 134 5 is_stmt 0 view .LVU21
 100 0026 F0E7     		b	.L4
 101              	.LVL5:
 102              	.L5:
 103              	.LCFI1:
 104              		.cfi_def_cfa_offset 0
 105              		.cfi_restore 4
 106              		.cfi_restore 14
 126:Drivers/STM32F4xx_HAL_Driver/Src/stm32f4xx_hal_rng.c ****   }
 107              		.loc 1 126 12 view .LVU22
 108 0028 0120     		movs	r0, #1
 109              	.LVL6:
 148:Drivers/STM32F4xx_HAL_Driver/Src/stm32f4xx_hal_rng.c **** 
 110              		.loc 1 148 1 view .LVU23
 111 002a 7047     		bx	lr
 112              		.cfi_endproc
 113              	.LFE126:
 115              		.section	.text.HAL_RNG_MspDeInit,"ax",%progbits
 116              		.align	1
 117              		.weak	HAL_RNG_MspDeInit
 118              		.syntax unified
 119              		.thumb
 120              		.thumb_func
 121              		.fpu fpv4-sp-d16
 123              	HAL_RNG_MspDeInit:
 124              	.LVL7:
 125              	.LFB129:
 196:Drivers/STM32F4xx_HAL_Driver/Src/stm32f4xx_hal_rng.c **** 
 197:Drivers/STM32F4xx_HAL_Driver/Src/stm32f4xx_hal_rng.c **** /**
 198:Drivers/STM32F4xx_HAL_Driver/Src/stm32f4xx_hal_rng.c ****   * @brief  DeInitializes the RNG MSP.
 199:Drivers/STM32F4xx_HAL_Driver/Src/stm32f4xx_hal_rng.c ****   * @param  hrng pointer to a RNG_HandleTypeDef structure that contains
 200:Drivers/STM32F4xx_HAL_Driver/Src/stm32f4xx_hal_rng.c ****   *                the configuration information for RNG.
 201:Drivers/STM32F4xx_HAL_Driver/Src/stm32f4xx_hal_rng.c ****   * @retval None
ARM GAS  /var/folders/n1/76bg37b13ls08p1dhb9rhvd40000gn/T//cc71uuky.s 			page 7


 202:Drivers/STM32F4xx_HAL_Driver/Src/stm32f4xx_hal_rng.c ****   */
 203:Drivers/STM32F4xx_HAL_Driver/Src/stm32f4xx_hal_rng.c **** __weak void HAL_RNG_MspDeInit(RNG_HandleTypeDef *hrng)
 204:Drivers/STM32F4xx_HAL_Driver/Src/stm32f4xx_hal_rng.c **** {
 126              		.loc 1 204 1 is_stmt 1 view -0
 127              		.cfi_startproc
 128              		@ args = 0, pretend = 0, frame = 0
 129              		@ frame_needed = 0, uses_anonymous_args = 0
 130              		@ link register save eliminated.
 205:Drivers/STM32F4xx_HAL_Driver/Src/stm32f4xx_hal_rng.c ****   /* Prevent unused argument(s) compilation warning */
 206:Drivers/STM32F4xx_HAL_Driver/Src/stm32f4xx_hal_rng.c ****   UNUSED(hrng);
 131              		.loc 1 206 3 view .LVU25
 207:Drivers/STM32F4xx_HAL_Driver/Src/stm32f4xx_hal_rng.c ****   /* NOTE : This function should not be modified. When the callback is needed,
 208:Drivers/STM32F4xx_HAL_Driver/Src/stm32f4xx_hal_rng.c ****             function HAL_RNG_MspDeInit must be implemented in the user file.
 209:Drivers/STM32F4xx_HAL_Driver/Src/stm32f4xx_hal_rng.c ****    */
 210:Drivers/STM32F4xx_HAL_Driver/Src/stm32f4xx_hal_rng.c **** }
 132              		.loc 1 210 1 is_stmt 0 view .LVU26
 133 0000 7047     		bx	lr
 134              		.cfi_endproc
 135              	.LFE129:
 137              		.section	.text.HAL_RNG_DeInit,"ax",%progbits
 138              		.align	1
 139              		.global	HAL_RNG_DeInit
 140              		.syntax unified
 141              		.thumb
 142              		.thumb_func
 143              		.fpu fpv4-sp-d16
 145              	HAL_RNG_DeInit:
 146              	.LVL8:
 147              	.LFB127:
 157:Drivers/STM32F4xx_HAL_Driver/Src/stm32f4xx_hal_rng.c ****   /* Check the RNG handle allocation */
 148              		.loc 1 157 1 is_stmt 1 view -0
 149              		.cfi_startproc
 150              		@ args = 0, pretend = 0, frame = 0
 151              		@ frame_needed = 0, uses_anonymous_args = 0
 159:Drivers/STM32F4xx_HAL_Driver/Src/stm32f4xx_hal_rng.c ****   {
 152              		.loc 1 159 3 view .LVU28
 159:Drivers/STM32F4xx_HAL_Driver/Src/stm32f4xx_hal_rng.c ****   {
 153              		.loc 1 159 5 is_stmt 0 view .LVU29
 154 0000 88B1     		cbz	r0, .L14
 157:Drivers/STM32F4xx_HAL_Driver/Src/stm32f4xx_hal_rng.c ****   /* Check the RNG handle allocation */
 155              		.loc 1 157 1 view .LVU30
 156 0002 10B5     		push	{r4, lr}
 157              	.LCFI2:
 158              		.cfi_def_cfa_offset 8
 159              		.cfi_offset 4, -8
 160              		.cfi_offset 14, -4
 161 0004 0446     		mov	r4, r0
 164:Drivers/STM32F4xx_HAL_Driver/Src/stm32f4xx_hal_rng.c ****   
 162              		.loc 1 164 3 is_stmt 1 view .LVU31
 163 0006 0268     		ldr	r2, [r0]
 164 0008 1368     		ldr	r3, [r2]
 165 000a 23F00C03 		bic	r3, r3, #12
 166 000e 1360     		str	r3, [r2]
 167:Drivers/STM32F4xx_HAL_Driver/Src/stm32f4xx_hal_rng.c ****   
 167              		.loc 1 167 3 view .LVU32
 168 0010 0268     		ldr	r2, [r0]
 169 0012 5368     		ldr	r3, [r2, #4]
ARM GAS  /var/folders/n1/76bg37b13ls08p1dhb9rhvd40000gn/T//cc71uuky.s 			page 8


 170 0014 23F06003 		bic	r3, r3, #96
 171 0018 5360     		str	r3, [r2, #4]
 170:Drivers/STM32F4xx_HAL_Driver/Src/stm32f4xx_hal_rng.c ****   
 172              		.loc 1 170 3 view .LVU33
 173 001a FFF7FEFF 		bl	HAL_RNG_MspDeInit
 174              	.LVL9:
 173:Drivers/STM32F4xx_HAL_Driver/Src/stm32f4xx_hal_rng.c **** 
 175              		.loc 1 173 3 view .LVU34
 173:Drivers/STM32F4xx_HAL_Driver/Src/stm32f4xx_hal_rng.c **** 
 176              		.loc 1 173 15 is_stmt 0 view .LVU35
 177 001e 0020     		movs	r0, #0
 178 0020 6071     		strb	r0, [r4, #5]
 176:Drivers/STM32F4xx_HAL_Driver/Src/stm32f4xx_hal_rng.c ****   
 179              		.loc 1 176 3 is_stmt 1 view .LVU36
 176:Drivers/STM32F4xx_HAL_Driver/Src/stm32f4xx_hal_rng.c ****   
 180              		.loc 1 176 3 view .LVU37
 181 0022 2071     		strb	r0, [r4, #4]
 179:Drivers/STM32F4xx_HAL_Driver/Src/stm32f4xx_hal_rng.c **** }
 182              		.loc 1 179 3 view .LVU38
 180:Drivers/STM32F4xx_HAL_Driver/Src/stm32f4xx_hal_rng.c **** 
 183              		.loc 1 180 1 is_stmt 0 view .LVU39
 184 0024 10BD     		pop	{r4, pc}
 185              	.LVL10:
 186              	.L14:
 187              	.LCFI3:
 188              		.cfi_def_cfa_offset 0
 189              		.cfi_restore 4
 190              		.cfi_restore 14
 161:Drivers/STM32F4xx_HAL_Driver/Src/stm32f4xx_hal_rng.c ****   }
 191              		.loc 1 161 12 view .LVU40
 192 0026 0120     		movs	r0, #1
 193              	.LVL11:
 180:Drivers/STM32F4xx_HAL_Driver/Src/stm32f4xx_hal_rng.c **** 
 194              		.loc 1 180 1 view .LVU41
 195 0028 7047     		bx	lr
 196              		.cfi_endproc
 197              	.LFE127:
 199              		.section	.text.HAL_RNG_GenerateRandomNumber,"ax",%progbits
 200              		.align	1
 201              		.global	HAL_RNG_GenerateRandomNumber
 202              		.syntax unified
 203              		.thumb
 204              		.thumb_func
 205              		.fpu fpv4-sp-d16
 207              	HAL_RNG_GenerateRandomNumber:
 208              	.LVL12:
 209              	.LFB130:
 211:Drivers/STM32F4xx_HAL_Driver/Src/stm32f4xx_hal_rng.c **** 
 212:Drivers/STM32F4xx_HAL_Driver/Src/stm32f4xx_hal_rng.c **** /**
 213:Drivers/STM32F4xx_HAL_Driver/Src/stm32f4xx_hal_rng.c ****   * @}
 214:Drivers/STM32F4xx_HAL_Driver/Src/stm32f4xx_hal_rng.c ****   */
 215:Drivers/STM32F4xx_HAL_Driver/Src/stm32f4xx_hal_rng.c **** 
 216:Drivers/STM32F4xx_HAL_Driver/Src/stm32f4xx_hal_rng.c **** /** @addtogroup RNG_Exported_Functions_Group2
 217:Drivers/STM32F4xx_HAL_Driver/Src/stm32f4xx_hal_rng.c ****  *  @brief   Peripheral Control functions 
 218:Drivers/STM32F4xx_HAL_Driver/Src/stm32f4xx_hal_rng.c ****  *
 219:Drivers/STM32F4xx_HAL_Driver/Src/stm32f4xx_hal_rng.c **** @verbatim   
 220:Drivers/STM32F4xx_HAL_Driver/Src/stm32f4xx_hal_rng.c ****  ===============================================================================
ARM GAS  /var/folders/n1/76bg37b13ls08p1dhb9rhvd40000gn/T//cc71uuky.s 			page 9


 221:Drivers/STM32F4xx_HAL_Driver/Src/stm32f4xx_hal_rng.c ****                       ##### Peripheral Control functions #####
 222:Drivers/STM32F4xx_HAL_Driver/Src/stm32f4xx_hal_rng.c ****  ===============================================================================  
 223:Drivers/STM32F4xx_HAL_Driver/Src/stm32f4xx_hal_rng.c ****     [..]  This section provides functions allowing to:
 224:Drivers/STM32F4xx_HAL_Driver/Src/stm32f4xx_hal_rng.c ****       (+) Get the 32 bit Random number
 225:Drivers/STM32F4xx_HAL_Driver/Src/stm32f4xx_hal_rng.c ****       (+) Get the 32 bit Random number with interrupt enabled
 226:Drivers/STM32F4xx_HAL_Driver/Src/stm32f4xx_hal_rng.c ****       (+) Handle RNG interrupt request 
 227:Drivers/STM32F4xx_HAL_Driver/Src/stm32f4xx_hal_rng.c **** 
 228:Drivers/STM32F4xx_HAL_Driver/Src/stm32f4xx_hal_rng.c **** @endverbatim
 229:Drivers/STM32F4xx_HAL_Driver/Src/stm32f4xx_hal_rng.c ****   * @{
 230:Drivers/STM32F4xx_HAL_Driver/Src/stm32f4xx_hal_rng.c ****   */
 231:Drivers/STM32F4xx_HAL_Driver/Src/stm32f4xx_hal_rng.c ****    
 232:Drivers/STM32F4xx_HAL_Driver/Src/stm32f4xx_hal_rng.c **** /**
 233:Drivers/STM32F4xx_HAL_Driver/Src/stm32f4xx_hal_rng.c ****   * @brief  Generates a 32-bit random number.
 234:Drivers/STM32F4xx_HAL_Driver/Src/stm32f4xx_hal_rng.c ****   * @note   Each time the random number data is read the RNG_FLAG_DRDY flag 
 235:Drivers/STM32F4xx_HAL_Driver/Src/stm32f4xx_hal_rng.c ****   *         is automatically cleared.
 236:Drivers/STM32F4xx_HAL_Driver/Src/stm32f4xx_hal_rng.c ****   * @param  hrng pointer to a RNG_HandleTypeDef structure that contains
 237:Drivers/STM32F4xx_HAL_Driver/Src/stm32f4xx_hal_rng.c ****   *                the configuration information for RNG.
 238:Drivers/STM32F4xx_HAL_Driver/Src/stm32f4xx_hal_rng.c ****   * @param  random32bit pointer to generated random number variable if successful.
 239:Drivers/STM32F4xx_HAL_Driver/Src/stm32f4xx_hal_rng.c ****   * @retval HAL status
 240:Drivers/STM32F4xx_HAL_Driver/Src/stm32f4xx_hal_rng.c ****   */
 241:Drivers/STM32F4xx_HAL_Driver/Src/stm32f4xx_hal_rng.c **** 
 242:Drivers/STM32F4xx_HAL_Driver/Src/stm32f4xx_hal_rng.c **** HAL_StatusTypeDef HAL_RNG_GenerateRandomNumber(RNG_HandleTypeDef *hrng, uint32_t *random32bit)
 243:Drivers/STM32F4xx_HAL_Driver/Src/stm32f4xx_hal_rng.c **** {
 210              		.loc 1 243 1 is_stmt 1 view -0
 211              		.cfi_startproc
 212              		@ args = 0, pretend = 0, frame = 0
 213              		@ frame_needed = 0, uses_anonymous_args = 0
 244:Drivers/STM32F4xx_HAL_Driver/Src/stm32f4xx_hal_rng.c ****   uint32_t tickstart = 0U;    
 214              		.loc 1 244 3 view .LVU43
 245:Drivers/STM32F4xx_HAL_Driver/Src/stm32f4xx_hal_rng.c ****   HAL_StatusTypeDef status = HAL_OK;
 215              		.loc 1 245 3 view .LVU44
 246:Drivers/STM32F4xx_HAL_Driver/Src/stm32f4xx_hal_rng.c **** 
 247:Drivers/STM32F4xx_HAL_Driver/Src/stm32f4xx_hal_rng.c ****   /* Process Locked */
 248:Drivers/STM32F4xx_HAL_Driver/Src/stm32f4xx_hal_rng.c ****   __HAL_LOCK(hrng); 
 216              		.loc 1 248 3 view .LVU45
 217              		.loc 1 248 3 view .LVU46
 218 0000 0379     		ldrb	r3, [r0, #4]	@ zero_extendqisi2
 219 0002 012B     		cmp	r3, #1
 220 0004 28D0     		beq	.L24
 243:Drivers/STM32F4xx_HAL_Driver/Src/stm32f4xx_hal_rng.c ****   uint32_t tickstart = 0U;    
 221              		.loc 1 243 1 is_stmt 0 discriminator 2 view .LVU47
 222 0006 70B5     		push	{r4, r5, r6, lr}
 223              	.LCFI4:
 224              		.cfi_def_cfa_offset 16
 225              		.cfi_offset 4, -16
 226              		.cfi_offset 5, -12
 227              		.cfi_offset 6, -8
 228              		.cfi_offset 14, -4
 229 0008 0D46     		mov	r5, r1
 230 000a 0446     		mov	r4, r0
 231              		.loc 1 248 3 is_stmt 1 discriminator 2 view .LVU48
 232 000c 0123     		movs	r3, #1
 233 000e 0371     		strb	r3, [r0, #4]
 249:Drivers/STM32F4xx_HAL_Driver/Src/stm32f4xx_hal_rng.c ****   
 250:Drivers/STM32F4xx_HAL_Driver/Src/stm32f4xx_hal_rng.c ****   /* Check RNG peripheral state */
 251:Drivers/STM32F4xx_HAL_Driver/Src/stm32f4xx_hal_rng.c ****   if(hrng->State == HAL_RNG_STATE_READY)
 234              		.loc 1 251 3 discriminator 2 view .LVU49
ARM GAS  /var/folders/n1/76bg37b13ls08p1dhb9rhvd40000gn/T//cc71uuky.s 			page 10


 235              		.loc 1 251 10 is_stmt 0 discriminator 2 view .LVU50
 236 0010 4379     		ldrb	r3, [r0, #5]	@ zero_extendqisi2
 237 0012 DBB2     		uxtb	r3, r3
 238              		.loc 1 251 5 discriminator 2 view .LVU51
 239 0014 012B     		cmp	r3, #1
 240 0016 03D0     		beq	.L30
 252:Drivers/STM32F4xx_HAL_Driver/Src/stm32f4xx_hal_rng.c ****   {
 253:Drivers/STM32F4xx_HAL_Driver/Src/stm32f4xx_hal_rng.c ****     /* Change RNG peripheral state */  
 254:Drivers/STM32F4xx_HAL_Driver/Src/stm32f4xx_hal_rng.c ****     hrng->State = HAL_RNG_STATE_BUSY;  
 255:Drivers/STM32F4xx_HAL_Driver/Src/stm32f4xx_hal_rng.c **** 
 256:Drivers/STM32F4xx_HAL_Driver/Src/stm32f4xx_hal_rng.c ****     /* Get tick */
 257:Drivers/STM32F4xx_HAL_Driver/Src/stm32f4xx_hal_rng.c ****     tickstart = HAL_GetTick();
 258:Drivers/STM32F4xx_HAL_Driver/Src/stm32f4xx_hal_rng.c ****   
 259:Drivers/STM32F4xx_HAL_Driver/Src/stm32f4xx_hal_rng.c ****     /* Check if data register contains valid random data */
 260:Drivers/STM32F4xx_HAL_Driver/Src/stm32f4xx_hal_rng.c ****     while(__HAL_RNG_GET_FLAG(hrng, RNG_FLAG_DRDY) == RESET)
 261:Drivers/STM32F4xx_HAL_Driver/Src/stm32f4xx_hal_rng.c ****     {
 262:Drivers/STM32F4xx_HAL_Driver/Src/stm32f4xx_hal_rng.c ****       if((HAL_GetTick() - tickstart ) > RNG_TIMEOUT_VALUE)
 263:Drivers/STM32F4xx_HAL_Driver/Src/stm32f4xx_hal_rng.c ****       {    
 264:Drivers/STM32F4xx_HAL_Driver/Src/stm32f4xx_hal_rng.c ****         hrng->State = HAL_RNG_STATE_ERROR;
 265:Drivers/STM32F4xx_HAL_Driver/Src/stm32f4xx_hal_rng.c **** 
 266:Drivers/STM32F4xx_HAL_Driver/Src/stm32f4xx_hal_rng.c ****         /* Process Unlocked */
 267:Drivers/STM32F4xx_HAL_Driver/Src/stm32f4xx_hal_rng.c ****         __HAL_UNLOCK(hrng);
 268:Drivers/STM32F4xx_HAL_Driver/Src/stm32f4xx_hal_rng.c ****       
 269:Drivers/STM32F4xx_HAL_Driver/Src/stm32f4xx_hal_rng.c ****         return HAL_TIMEOUT;
 270:Drivers/STM32F4xx_HAL_Driver/Src/stm32f4xx_hal_rng.c ****       } 
 271:Drivers/STM32F4xx_HAL_Driver/Src/stm32f4xx_hal_rng.c ****     }
 272:Drivers/STM32F4xx_HAL_Driver/Src/stm32f4xx_hal_rng.c ****   
 273:Drivers/STM32F4xx_HAL_Driver/Src/stm32f4xx_hal_rng.c ****     /* Get a 32bit Random number */
 274:Drivers/STM32F4xx_HAL_Driver/Src/stm32f4xx_hal_rng.c ****     hrng->RandomNumber = hrng->Instance->DR;
 275:Drivers/STM32F4xx_HAL_Driver/Src/stm32f4xx_hal_rng.c ****     *random32bit = hrng->RandomNumber;
 276:Drivers/STM32F4xx_HAL_Driver/Src/stm32f4xx_hal_rng.c ****   
 277:Drivers/STM32F4xx_HAL_Driver/Src/stm32f4xx_hal_rng.c ****     hrng->State = HAL_RNG_STATE_READY;
 278:Drivers/STM32F4xx_HAL_Driver/Src/stm32f4xx_hal_rng.c ****   }
 279:Drivers/STM32F4xx_HAL_Driver/Src/stm32f4xx_hal_rng.c ****   else
 280:Drivers/STM32F4xx_HAL_Driver/Src/stm32f4xx_hal_rng.c ****   {
 281:Drivers/STM32F4xx_HAL_Driver/Src/stm32f4xx_hal_rng.c ****     status = HAL_ERROR;
 241              		.loc 1 281 12 view .LVU52
 242 0018 0120     		movs	r0, #1
 243              	.LVL13:
 244              	.L21:
 282:Drivers/STM32F4xx_HAL_Driver/Src/stm32f4xx_hal_rng.c ****   }
 283:Drivers/STM32F4xx_HAL_Driver/Src/stm32f4xx_hal_rng.c ****   
 284:Drivers/STM32F4xx_HAL_Driver/Src/stm32f4xx_hal_rng.c ****   /* Process Unlocked */
 285:Drivers/STM32F4xx_HAL_Driver/Src/stm32f4xx_hal_rng.c ****   __HAL_UNLOCK(hrng);
 245              		.loc 1 285 3 is_stmt 1 view .LVU53
 246              		.loc 1 285 3 view .LVU54
 247 001a 0023     		movs	r3, #0
 248 001c 2371     		strb	r3, [r4, #4]
 286:Drivers/STM32F4xx_HAL_Driver/Src/stm32f4xx_hal_rng.c ****   
 287:Drivers/STM32F4xx_HAL_Driver/Src/stm32f4xx_hal_rng.c ****   return status;
 249              		.loc 1 287 3 view .LVU55
 250              	.LVL14:
 251              	.L20:
 288:Drivers/STM32F4xx_HAL_Driver/Src/stm32f4xx_hal_rng.c **** }
 252              		.loc 1 288 1 is_stmt 0 view .LVU56
 253 001e 70BD     		pop	{r4, r5, r6, pc}
 254              	.LVL15:
ARM GAS  /var/folders/n1/76bg37b13ls08p1dhb9rhvd40000gn/T//cc71uuky.s 			page 11


 255              	.L30:
 254:Drivers/STM32F4xx_HAL_Driver/Src/stm32f4xx_hal_rng.c **** 
 256              		.loc 1 254 5 is_stmt 1 view .LVU57
 254:Drivers/STM32F4xx_HAL_Driver/Src/stm32f4xx_hal_rng.c **** 
 257              		.loc 1 254 17 is_stmt 0 view .LVU58
 258 0020 0223     		movs	r3, #2
 259 0022 4371     		strb	r3, [r0, #5]
 257:Drivers/STM32F4xx_HAL_Driver/Src/stm32f4xx_hal_rng.c ****   
 260              		.loc 1 257 5 is_stmt 1 view .LVU59
 257:Drivers/STM32F4xx_HAL_Driver/Src/stm32f4xx_hal_rng.c ****   
 261              		.loc 1 257 17 is_stmt 0 view .LVU60
 262 0024 FFF7FEFF 		bl	HAL_GetTick
 263              	.LVL16:
 257:Drivers/STM32F4xx_HAL_Driver/Src/stm32f4xx_hal_rng.c ****   
 264              		.loc 1 257 17 view .LVU61
 265 0028 0646     		mov	r6, r0
 266              	.LVL17:
 260:Drivers/STM32F4xx_HAL_Driver/Src/stm32f4xx_hal_rng.c ****     {
 267              		.loc 1 260 5 is_stmt 1 view .LVU62
 268              	.L22:
 260:Drivers/STM32F4xx_HAL_Driver/Src/stm32f4xx_hal_rng.c ****     {
 269              		.loc 1 260 11 is_stmt 0 view .LVU63
 270 002a 2368     		ldr	r3, [r4]
 271 002c 5A68     		ldr	r2, [r3, #4]
 260:Drivers/STM32F4xx_HAL_Driver/Src/stm32f4xx_hal_rng.c ****     {
 272              		.loc 1 260 10 view .LVU64
 273 002e 12F0010F 		tst	r2, #1
 274 0032 0AD1     		bne	.L31
 262:Drivers/STM32F4xx_HAL_Driver/Src/stm32f4xx_hal_rng.c ****       {    
 275              		.loc 1 262 7 is_stmt 1 view .LVU65
 262:Drivers/STM32F4xx_HAL_Driver/Src/stm32f4xx_hal_rng.c ****       {    
 276              		.loc 1 262 11 is_stmt 0 view .LVU66
 277 0034 FFF7FEFF 		bl	HAL_GetTick
 278              	.LVL18:
 262:Drivers/STM32F4xx_HAL_Driver/Src/stm32f4xx_hal_rng.c ****       {    
 279              		.loc 1 262 25 view .LVU67
 280 0038 801B     		subs	r0, r0, r6
 262:Drivers/STM32F4xx_HAL_Driver/Src/stm32f4xx_hal_rng.c ****       {    
 281              		.loc 1 262 9 view .LVU68
 282 003a 0228     		cmp	r0, #2
 283 003c F5D9     		bls	.L22
 264:Drivers/STM32F4xx_HAL_Driver/Src/stm32f4xx_hal_rng.c **** 
 284              		.loc 1 264 9 is_stmt 1 view .LVU69
 264:Drivers/STM32F4xx_HAL_Driver/Src/stm32f4xx_hal_rng.c **** 
 285              		.loc 1 264 21 is_stmt 0 view .LVU70
 286 003e 0423     		movs	r3, #4
 287 0040 6371     		strb	r3, [r4, #5]
 267:Drivers/STM32F4xx_HAL_Driver/Src/stm32f4xx_hal_rng.c ****       
 288              		.loc 1 267 9 is_stmt 1 view .LVU71
 267:Drivers/STM32F4xx_HAL_Driver/Src/stm32f4xx_hal_rng.c ****       
 289              		.loc 1 267 9 view .LVU72
 290 0042 0023     		movs	r3, #0
 291 0044 2371     		strb	r3, [r4, #4]
 269:Drivers/STM32F4xx_HAL_Driver/Src/stm32f4xx_hal_rng.c ****       } 
 292              		.loc 1 269 9 view .LVU73
 269:Drivers/STM32F4xx_HAL_Driver/Src/stm32f4xx_hal_rng.c ****       } 
 293              		.loc 1 269 16 is_stmt 0 view .LVU74
ARM GAS  /var/folders/n1/76bg37b13ls08p1dhb9rhvd40000gn/T//cc71uuky.s 			page 12


 294 0046 0320     		movs	r0, #3
 295 0048 E9E7     		b	.L20
 296              	.L31:
 274:Drivers/STM32F4xx_HAL_Driver/Src/stm32f4xx_hal_rng.c ****     *random32bit = hrng->RandomNumber;
 297              		.loc 1 274 5 is_stmt 1 view .LVU75
 274:Drivers/STM32F4xx_HAL_Driver/Src/stm32f4xx_hal_rng.c ****     *random32bit = hrng->RandomNumber;
 298              		.loc 1 274 40 is_stmt 0 view .LVU76
 299 004a 9B68     		ldr	r3, [r3, #8]
 274:Drivers/STM32F4xx_HAL_Driver/Src/stm32f4xx_hal_rng.c ****     *random32bit = hrng->RandomNumber;
 300              		.loc 1 274 24 view .LVU77
 301 004c A360     		str	r3, [r4, #8]
 275:Drivers/STM32F4xx_HAL_Driver/Src/stm32f4xx_hal_rng.c ****   
 302              		.loc 1 275 5 is_stmt 1 view .LVU78
 275:Drivers/STM32F4xx_HAL_Driver/Src/stm32f4xx_hal_rng.c ****   
 303              		.loc 1 275 18 is_stmt 0 view .LVU79
 304 004e 2B60     		str	r3, [r5]
 277:Drivers/STM32F4xx_HAL_Driver/Src/stm32f4xx_hal_rng.c ****   }
 305              		.loc 1 277 5 is_stmt 1 view .LVU80
 277:Drivers/STM32F4xx_HAL_Driver/Src/stm32f4xx_hal_rng.c ****   }
 306              		.loc 1 277 17 is_stmt 0 view .LVU81
 307 0050 0123     		movs	r3, #1
 308 0052 6371     		strb	r3, [r4, #5]
 245:Drivers/STM32F4xx_HAL_Driver/Src/stm32f4xx_hal_rng.c **** 
 309              		.loc 1 245 21 view .LVU82
 310 0054 0020     		movs	r0, #0
 311 0056 E0E7     		b	.L21
 312              	.LVL19:
 313              	.L24:
 314              	.LCFI5:
 315              		.cfi_def_cfa_offset 0
 316              		.cfi_restore 4
 317              		.cfi_restore 5
 318              		.cfi_restore 6
 319              		.cfi_restore 14
 248:Drivers/STM32F4xx_HAL_Driver/Src/stm32f4xx_hal_rng.c ****   
 320              		.loc 1 248 3 view .LVU83
 321 0058 0220     		movs	r0, #2
 322              	.LVL20:
 323              		.loc 1 288 1 view .LVU84
 324 005a 7047     		bx	lr
 325              		.cfi_endproc
 326              	.LFE130:
 328              		.section	.text.HAL_RNG_GenerateRandomNumber_IT,"ax",%progbits
 329              		.align	1
 330              		.global	HAL_RNG_GenerateRandomNumber_IT
 331              		.syntax unified
 332              		.thumb
 333              		.thumb_func
 334              		.fpu fpv4-sp-d16
 336              	HAL_RNG_GenerateRandomNumber_IT:
 337              	.LVL21:
 338              	.LFB131:
 289:Drivers/STM32F4xx_HAL_Driver/Src/stm32f4xx_hal_rng.c **** 
 290:Drivers/STM32F4xx_HAL_Driver/Src/stm32f4xx_hal_rng.c **** /**
 291:Drivers/STM32F4xx_HAL_Driver/Src/stm32f4xx_hal_rng.c ****   * @brief  Generates a 32-bit random number in interrupt mode.
 292:Drivers/STM32F4xx_HAL_Driver/Src/stm32f4xx_hal_rng.c ****   * @param  hrng pointer to a RNG_HandleTypeDef structure that contains
 293:Drivers/STM32F4xx_HAL_Driver/Src/stm32f4xx_hal_rng.c ****   *                the configuration information for RNG.
ARM GAS  /var/folders/n1/76bg37b13ls08p1dhb9rhvd40000gn/T//cc71uuky.s 			page 13


 294:Drivers/STM32F4xx_HAL_Driver/Src/stm32f4xx_hal_rng.c ****   * @retval HAL status
 295:Drivers/STM32F4xx_HAL_Driver/Src/stm32f4xx_hal_rng.c ****   */
 296:Drivers/STM32F4xx_HAL_Driver/Src/stm32f4xx_hal_rng.c **** HAL_StatusTypeDef HAL_RNG_GenerateRandomNumber_IT(RNG_HandleTypeDef *hrng)
 297:Drivers/STM32F4xx_HAL_Driver/Src/stm32f4xx_hal_rng.c **** {
 339              		.loc 1 297 1 is_stmt 1 view -0
 340              		.cfi_startproc
 341              		@ args = 0, pretend = 0, frame = 0
 342              		@ frame_needed = 0, uses_anonymous_args = 0
 343              		@ link register save eliminated.
 298:Drivers/STM32F4xx_HAL_Driver/Src/stm32f4xx_hal_rng.c ****   HAL_StatusTypeDef status = HAL_OK;
 344              		.loc 1 298 3 view .LVU86
 299:Drivers/STM32F4xx_HAL_Driver/Src/stm32f4xx_hal_rng.c ****   
 300:Drivers/STM32F4xx_HAL_Driver/Src/stm32f4xx_hal_rng.c ****   /* Process Locked */
 301:Drivers/STM32F4xx_HAL_Driver/Src/stm32f4xx_hal_rng.c ****   __HAL_LOCK(hrng);
 345              		.loc 1 301 3 view .LVU87
 346              		.loc 1 301 3 view .LVU88
 347 0000 0379     		ldrb	r3, [r0, #4]	@ zero_extendqisi2
 348 0002 012B     		cmp	r3, #1
 349 0004 14D0     		beq	.L35
 350              		.loc 1 301 3 discriminator 2 view .LVU89
 351 0006 0123     		movs	r3, #1
 352 0008 0371     		strb	r3, [r0, #4]
 302:Drivers/STM32F4xx_HAL_Driver/Src/stm32f4xx_hal_rng.c ****   
 303:Drivers/STM32F4xx_HAL_Driver/Src/stm32f4xx_hal_rng.c ****   /* Check RNG peripheral state */
 304:Drivers/STM32F4xx_HAL_Driver/Src/stm32f4xx_hal_rng.c ****   if(hrng->State == HAL_RNG_STATE_READY)
 353              		.loc 1 304 3 discriminator 2 view .LVU90
 354              		.loc 1 304 10 is_stmt 0 discriminator 2 view .LVU91
 355 000a 4379     		ldrb	r3, [r0, #5]	@ zero_extendqisi2
 356 000c DBB2     		uxtb	r3, r3
 357              		.loc 1 304 5 discriminator 2 view .LVU92
 358 000e 012B     		cmp	r3, #1
 359 0010 03D0     		beq	.L36
 305:Drivers/STM32F4xx_HAL_Driver/Src/stm32f4xx_hal_rng.c ****   {
 306:Drivers/STM32F4xx_HAL_Driver/Src/stm32f4xx_hal_rng.c ****     /* Change RNG peripheral state */  
 307:Drivers/STM32F4xx_HAL_Driver/Src/stm32f4xx_hal_rng.c ****     hrng->State = HAL_RNG_STATE_BUSY;  
 308:Drivers/STM32F4xx_HAL_Driver/Src/stm32f4xx_hal_rng.c ****   
 309:Drivers/STM32F4xx_HAL_Driver/Src/stm32f4xx_hal_rng.c ****     /* Process Unlocked */
 310:Drivers/STM32F4xx_HAL_Driver/Src/stm32f4xx_hal_rng.c ****     __HAL_UNLOCK(hrng);
 311:Drivers/STM32F4xx_HAL_Driver/Src/stm32f4xx_hal_rng.c ****     
 312:Drivers/STM32F4xx_HAL_Driver/Src/stm32f4xx_hal_rng.c ****     /* Enable the RNG Interrupts: Data Ready, Clock error, Seed error */ 
 313:Drivers/STM32F4xx_HAL_Driver/Src/stm32f4xx_hal_rng.c ****     __HAL_RNG_ENABLE_IT(hrng);
 314:Drivers/STM32F4xx_HAL_Driver/Src/stm32f4xx_hal_rng.c ****   }
 315:Drivers/STM32F4xx_HAL_Driver/Src/stm32f4xx_hal_rng.c ****   else
 316:Drivers/STM32F4xx_HAL_Driver/Src/stm32f4xx_hal_rng.c ****   {
 317:Drivers/STM32F4xx_HAL_Driver/Src/stm32f4xx_hal_rng.c ****     /* Process Unlocked */
 318:Drivers/STM32F4xx_HAL_Driver/Src/stm32f4xx_hal_rng.c ****     __HAL_UNLOCK(hrng);
 360              		.loc 1 318 5 is_stmt 1 view .LVU93
 361              		.loc 1 318 5 view .LVU94
 362 0012 0023     		movs	r3, #0
 363 0014 0371     		strb	r3, [r0, #4]
 319:Drivers/STM32F4xx_HAL_Driver/Src/stm32f4xx_hal_rng.c ****     
 320:Drivers/STM32F4xx_HAL_Driver/Src/stm32f4xx_hal_rng.c ****     status = HAL_ERROR;
 364              		.loc 1 320 5 view .LVU95
 365              	.LVL22:
 366              		.loc 1 320 12 is_stmt 0 view .LVU96
 367 0016 0120     		movs	r0, #1
 368              	.LVL23:
ARM GAS  /var/folders/n1/76bg37b13ls08p1dhb9rhvd40000gn/T//cc71uuky.s 			page 14


 369              		.loc 1 320 12 view .LVU97
 370 0018 7047     		bx	lr
 371              	.LVL24:
 372              	.L36:
 307:Drivers/STM32F4xx_HAL_Driver/Src/stm32f4xx_hal_rng.c ****   
 373              		.loc 1 307 5 is_stmt 1 view .LVU98
 307:Drivers/STM32F4xx_HAL_Driver/Src/stm32f4xx_hal_rng.c ****   
 374              		.loc 1 307 17 is_stmt 0 view .LVU99
 375 001a 0223     		movs	r3, #2
 376 001c 4371     		strb	r3, [r0, #5]
 310:Drivers/STM32F4xx_HAL_Driver/Src/stm32f4xx_hal_rng.c ****     
 377              		.loc 1 310 5 is_stmt 1 view .LVU100
 310:Drivers/STM32F4xx_HAL_Driver/Src/stm32f4xx_hal_rng.c ****     
 378              		.loc 1 310 5 view .LVU101
 379 001e 0023     		movs	r3, #0
 380 0020 0371     		strb	r3, [r0, #4]
 313:Drivers/STM32F4xx_HAL_Driver/Src/stm32f4xx_hal_rng.c ****   }
 381              		.loc 1 313 5 view .LVU102
 382 0022 0168     		ldr	r1, [r0]
 383 0024 0A68     		ldr	r2, [r1]
 384 0026 42F00802 		orr	r2, r2, #8
 385 002a 0A60     		str	r2, [r1]
 298:Drivers/STM32F4xx_HAL_Driver/Src/stm32f4xx_hal_rng.c ****   
 386              		.loc 1 298 21 is_stmt 0 view .LVU103
 387 002c 1846     		mov	r0, r3
 388              	.LVL25:
 298:Drivers/STM32F4xx_HAL_Driver/Src/stm32f4xx_hal_rng.c ****   
 389              		.loc 1 298 21 view .LVU104
 390 002e 7047     		bx	lr
 391              	.LVL26:
 392              	.L35:
 301:Drivers/STM32F4xx_HAL_Driver/Src/stm32f4xx_hal_rng.c ****   
 393              		.loc 1 301 3 view .LVU105
 394 0030 0220     		movs	r0, #2
 395              	.LVL27:
 321:Drivers/STM32F4xx_HAL_Driver/Src/stm32f4xx_hal_rng.c ****   }
 322:Drivers/STM32F4xx_HAL_Driver/Src/stm32f4xx_hal_rng.c ****   
 323:Drivers/STM32F4xx_HAL_Driver/Src/stm32f4xx_hal_rng.c ****   return status;
 324:Drivers/STM32F4xx_HAL_Driver/Src/stm32f4xx_hal_rng.c **** }
 396              		.loc 1 324 1 view .LVU106
 397 0032 7047     		bx	lr
 398              		.cfi_endproc
 399              	.LFE131:
 401              		.section	.text.HAL_RNG_GetRandomNumber,"ax",%progbits
 402              		.align	1
 403              		.global	HAL_RNG_GetRandomNumber
 404              		.syntax unified
 405              		.thumb
 406              		.thumb_func
 407              		.fpu fpv4-sp-d16
 409              	HAL_RNG_GetRandomNumber:
 410              	.LVL28:
 411              	.LFB133:
 325:Drivers/STM32F4xx_HAL_Driver/Src/stm32f4xx_hal_rng.c **** 
 326:Drivers/STM32F4xx_HAL_Driver/Src/stm32f4xx_hal_rng.c **** /**
 327:Drivers/STM32F4xx_HAL_Driver/Src/stm32f4xx_hal_rng.c ****   * @brief  Handles RNG interrupt request.
 328:Drivers/STM32F4xx_HAL_Driver/Src/stm32f4xx_hal_rng.c ****   * @note   In the case of a clock error, the RNG is no more able to generate 
ARM GAS  /var/folders/n1/76bg37b13ls08p1dhb9rhvd40000gn/T//cc71uuky.s 			page 15


 329:Drivers/STM32F4xx_HAL_Driver/Src/stm32f4xx_hal_rng.c ****   *         random numbers because the PLL48CLK clock is not correct. User has 
 330:Drivers/STM32F4xx_HAL_Driver/Src/stm32f4xx_hal_rng.c ****   *         to check that the clock controller is correctly configured to provide
 331:Drivers/STM32F4xx_HAL_Driver/Src/stm32f4xx_hal_rng.c ****   *         the RNG clock and clear the CEIS bit using __HAL_RNG_CLEAR_IT(). 
 332:Drivers/STM32F4xx_HAL_Driver/Src/stm32f4xx_hal_rng.c ****   *         The clock error has no impact on the previously generated 
 333:Drivers/STM32F4xx_HAL_Driver/Src/stm32f4xx_hal_rng.c ****   *         random numbers, and the RNG_DR register contents can be used.
 334:Drivers/STM32F4xx_HAL_Driver/Src/stm32f4xx_hal_rng.c ****   * @note   In the case of a seed error, the generation of random numbers is 
 335:Drivers/STM32F4xx_HAL_Driver/Src/stm32f4xx_hal_rng.c ****   *         interrupted as long as the SECS bit is '1'. If a number is 
 336:Drivers/STM32F4xx_HAL_Driver/Src/stm32f4xx_hal_rng.c ****   *         available in the RNG_DR register, it must not be used because it may 
 337:Drivers/STM32F4xx_HAL_Driver/Src/stm32f4xx_hal_rng.c ****   *         not have enough entropy. In this case, it is recommended to clear the 
 338:Drivers/STM32F4xx_HAL_Driver/Src/stm32f4xx_hal_rng.c ****   *         SEIS bit using __HAL_RNG_CLEAR_IT(), then disable and enable 
 339:Drivers/STM32F4xx_HAL_Driver/Src/stm32f4xx_hal_rng.c ****   *         the RNG peripheral to reinitialize and restart the RNG.
 340:Drivers/STM32F4xx_HAL_Driver/Src/stm32f4xx_hal_rng.c ****   * @note   User-written HAL_RNG_ErrorCallback() API is called once whether SEIS
 341:Drivers/STM32F4xx_HAL_Driver/Src/stm32f4xx_hal_rng.c ****   *         or CEIS are set.  
 342:Drivers/STM32F4xx_HAL_Driver/Src/stm32f4xx_hal_rng.c ****   * @param  hrng pointer to a RNG_HandleTypeDef structure that contains
 343:Drivers/STM32F4xx_HAL_Driver/Src/stm32f4xx_hal_rng.c ****   *                the configuration information for RNG.
 344:Drivers/STM32F4xx_HAL_Driver/Src/stm32f4xx_hal_rng.c ****   * @retval None
 345:Drivers/STM32F4xx_HAL_Driver/Src/stm32f4xx_hal_rng.c **** 
 346:Drivers/STM32F4xx_HAL_Driver/Src/stm32f4xx_hal_rng.c ****   */
 347:Drivers/STM32F4xx_HAL_Driver/Src/stm32f4xx_hal_rng.c **** void HAL_RNG_IRQHandler(RNG_HandleTypeDef *hrng)
 348:Drivers/STM32F4xx_HAL_Driver/Src/stm32f4xx_hal_rng.c **** {
 349:Drivers/STM32F4xx_HAL_Driver/Src/stm32f4xx_hal_rng.c ****   /* RNG clock error interrupt occurred */
 350:Drivers/STM32F4xx_HAL_Driver/Src/stm32f4xx_hal_rng.c ****   if((__HAL_RNG_GET_IT(hrng, RNG_IT_CEI) != RESET) ||  (__HAL_RNG_GET_IT(hrng, RNG_IT_SEI) != RESET
 351:Drivers/STM32F4xx_HAL_Driver/Src/stm32f4xx_hal_rng.c ****   { 
 352:Drivers/STM32F4xx_HAL_Driver/Src/stm32f4xx_hal_rng.c ****     /* Change RNG peripheral state */
 353:Drivers/STM32F4xx_HAL_Driver/Src/stm32f4xx_hal_rng.c ****     hrng->State = HAL_RNG_STATE_ERROR;
 354:Drivers/STM32F4xx_HAL_Driver/Src/stm32f4xx_hal_rng.c ****   
 355:Drivers/STM32F4xx_HAL_Driver/Src/stm32f4xx_hal_rng.c ****     HAL_RNG_ErrorCallback(hrng);
 356:Drivers/STM32F4xx_HAL_Driver/Src/stm32f4xx_hal_rng.c ****     
 357:Drivers/STM32F4xx_HAL_Driver/Src/stm32f4xx_hal_rng.c ****     /* Clear the clock error flag */
 358:Drivers/STM32F4xx_HAL_Driver/Src/stm32f4xx_hal_rng.c ****     __HAL_RNG_CLEAR_IT(hrng, RNG_IT_CEI|RNG_IT_SEI);
 359:Drivers/STM32F4xx_HAL_Driver/Src/stm32f4xx_hal_rng.c ****     
 360:Drivers/STM32F4xx_HAL_Driver/Src/stm32f4xx_hal_rng.c ****   }
 361:Drivers/STM32F4xx_HAL_Driver/Src/stm32f4xx_hal_rng.c ****   
 362:Drivers/STM32F4xx_HAL_Driver/Src/stm32f4xx_hal_rng.c ****   /* Check RNG data ready interrupt occurred */    
 363:Drivers/STM32F4xx_HAL_Driver/Src/stm32f4xx_hal_rng.c ****   if(__HAL_RNG_GET_IT(hrng, RNG_IT_DRDY) != RESET)
 364:Drivers/STM32F4xx_HAL_Driver/Src/stm32f4xx_hal_rng.c ****   {
 365:Drivers/STM32F4xx_HAL_Driver/Src/stm32f4xx_hal_rng.c ****     /* Generate random number once, so disable the IT */
 366:Drivers/STM32F4xx_HAL_Driver/Src/stm32f4xx_hal_rng.c ****     __HAL_RNG_DISABLE_IT(hrng);
 367:Drivers/STM32F4xx_HAL_Driver/Src/stm32f4xx_hal_rng.c ****     
 368:Drivers/STM32F4xx_HAL_Driver/Src/stm32f4xx_hal_rng.c ****     /* Get the 32bit Random number (DRDY flag automatically cleared) */ 
 369:Drivers/STM32F4xx_HAL_Driver/Src/stm32f4xx_hal_rng.c ****     hrng->RandomNumber = hrng->Instance->DR;
 370:Drivers/STM32F4xx_HAL_Driver/Src/stm32f4xx_hal_rng.c ****     
 371:Drivers/STM32F4xx_HAL_Driver/Src/stm32f4xx_hal_rng.c ****     if(hrng->State != HAL_RNG_STATE_ERROR)
 372:Drivers/STM32F4xx_HAL_Driver/Src/stm32f4xx_hal_rng.c ****     {
 373:Drivers/STM32F4xx_HAL_Driver/Src/stm32f4xx_hal_rng.c ****       /* Change RNG peripheral state */
 374:Drivers/STM32F4xx_HAL_Driver/Src/stm32f4xx_hal_rng.c ****       hrng->State = HAL_RNG_STATE_READY; 
 375:Drivers/STM32F4xx_HAL_Driver/Src/stm32f4xx_hal_rng.c ****       
 376:Drivers/STM32F4xx_HAL_Driver/Src/stm32f4xx_hal_rng.c ****       /* Data Ready callback */ 
 377:Drivers/STM32F4xx_HAL_Driver/Src/stm32f4xx_hal_rng.c ****       HAL_RNG_ReadyDataCallback(hrng, hrng->RandomNumber);
 378:Drivers/STM32F4xx_HAL_Driver/Src/stm32f4xx_hal_rng.c ****     } 
 379:Drivers/STM32F4xx_HAL_Driver/Src/stm32f4xx_hal_rng.c ****   }
 380:Drivers/STM32F4xx_HAL_Driver/Src/stm32f4xx_hal_rng.c **** } 
 381:Drivers/STM32F4xx_HAL_Driver/Src/stm32f4xx_hal_rng.c **** 
 382:Drivers/STM32F4xx_HAL_Driver/Src/stm32f4xx_hal_rng.c **** /**
 383:Drivers/STM32F4xx_HAL_Driver/Src/stm32f4xx_hal_rng.c ****   * @brief  Returns generated random number in polling mode (Obsolete)
 384:Drivers/STM32F4xx_HAL_Driver/Src/stm32f4xx_hal_rng.c ****   *         Use HAL_RNG_GenerateRandomNumber() API instead.
 385:Drivers/STM32F4xx_HAL_Driver/Src/stm32f4xx_hal_rng.c ****   * @param  hrng pointer to a RNG_HandleTypeDef structure that contains
ARM GAS  /var/folders/n1/76bg37b13ls08p1dhb9rhvd40000gn/T//cc71uuky.s 			page 16


 386:Drivers/STM32F4xx_HAL_Driver/Src/stm32f4xx_hal_rng.c ****   *                the configuration information for RNG.
 387:Drivers/STM32F4xx_HAL_Driver/Src/stm32f4xx_hal_rng.c ****   * @retval Random value
 388:Drivers/STM32F4xx_HAL_Driver/Src/stm32f4xx_hal_rng.c ****   */
 389:Drivers/STM32F4xx_HAL_Driver/Src/stm32f4xx_hal_rng.c **** uint32_t HAL_RNG_GetRandomNumber(RNG_HandleTypeDef *hrng)
 390:Drivers/STM32F4xx_HAL_Driver/Src/stm32f4xx_hal_rng.c **** {
 412              		.loc 1 390 1 is_stmt 1 view -0
 413              		.cfi_startproc
 414              		@ args = 0, pretend = 0, frame = 0
 415              		@ frame_needed = 0, uses_anonymous_args = 0
 416              		.loc 1 390 1 is_stmt 0 view .LVU108
 417 0000 10B5     		push	{r4, lr}
 418              	.LCFI6:
 419              		.cfi_def_cfa_offset 8
 420              		.cfi_offset 4, -8
 421              		.cfi_offset 14, -4
 422 0002 0446     		mov	r4, r0
 391:Drivers/STM32F4xx_HAL_Driver/Src/stm32f4xx_hal_rng.c ****   if(HAL_RNG_GenerateRandomNumber(hrng, &(hrng->RandomNumber)) == HAL_OK)
 423              		.loc 1 391 3 is_stmt 1 view .LVU109
 424              		.loc 1 391 6 is_stmt 0 view .LVU110
 425 0004 00F10801 		add	r1, r0, #8
 426 0008 FFF7FEFF 		bl	HAL_RNG_GenerateRandomNumber
 427              	.LVL29:
 428              		.loc 1 391 5 view .LVU111
 429 000c 08B9     		cbnz	r0, .L39
 392:Drivers/STM32F4xx_HAL_Driver/Src/stm32f4xx_hal_rng.c ****   {
 393:Drivers/STM32F4xx_HAL_Driver/Src/stm32f4xx_hal_rng.c ****     return hrng->RandomNumber; 
 430              		.loc 1 393 5 is_stmt 1 view .LVU112
 431              		.loc 1 393 16 is_stmt 0 view .LVU113
 432 000e A068     		ldr	r0, [r4, #8]
 433 0010 00E0     		b	.L37
 434              	.L39:
 394:Drivers/STM32F4xx_HAL_Driver/Src/stm32f4xx_hal_rng.c ****   }
 395:Drivers/STM32F4xx_HAL_Driver/Src/stm32f4xx_hal_rng.c ****   else
 396:Drivers/STM32F4xx_HAL_Driver/Src/stm32f4xx_hal_rng.c ****   {
 397:Drivers/STM32F4xx_HAL_Driver/Src/stm32f4xx_hal_rng.c ****     return 0U;
 435              		.loc 1 397 12 view .LVU114
 436 0012 0020     		movs	r0, #0
 437              	.L37:
 398:Drivers/STM32F4xx_HAL_Driver/Src/stm32f4xx_hal_rng.c ****   }
 399:Drivers/STM32F4xx_HAL_Driver/Src/stm32f4xx_hal_rng.c **** }
 438              		.loc 1 399 1 view .LVU115
 439 0014 10BD     		pop	{r4, pc}
 440              		.loc 1 399 1 view .LVU116
 441              		.cfi_endproc
 442              	.LFE133:
 444              		.section	.text.HAL_RNG_GetRandomNumber_IT,"ax",%progbits
 445              		.align	1
 446              		.global	HAL_RNG_GetRandomNumber_IT
 447              		.syntax unified
 448              		.thumb
 449              		.thumb_func
 450              		.fpu fpv4-sp-d16
 452              	HAL_RNG_GetRandomNumber_IT:
 453              	.LVL30:
 454              	.LFB134:
 400:Drivers/STM32F4xx_HAL_Driver/Src/stm32f4xx_hal_rng.c **** 
 401:Drivers/STM32F4xx_HAL_Driver/Src/stm32f4xx_hal_rng.c **** /**
ARM GAS  /var/folders/n1/76bg37b13ls08p1dhb9rhvd40000gn/T//cc71uuky.s 			page 17


 402:Drivers/STM32F4xx_HAL_Driver/Src/stm32f4xx_hal_rng.c ****   * @brief  Returns a 32-bit random number with interrupt enabled (Obsolete),
 403:Drivers/STM32F4xx_HAL_Driver/Src/stm32f4xx_hal_rng.c ****   *         Use HAL_RNG_GenerateRandomNumber_IT() API instead.
 404:Drivers/STM32F4xx_HAL_Driver/Src/stm32f4xx_hal_rng.c ****   * @param  hrng pointer to a RNG_HandleTypeDef structure that contains
 405:Drivers/STM32F4xx_HAL_Driver/Src/stm32f4xx_hal_rng.c ****   *                the configuration information for RNG.
 406:Drivers/STM32F4xx_HAL_Driver/Src/stm32f4xx_hal_rng.c ****   * @retval 32-bit random number
 407:Drivers/STM32F4xx_HAL_Driver/Src/stm32f4xx_hal_rng.c ****   */
 408:Drivers/STM32F4xx_HAL_Driver/Src/stm32f4xx_hal_rng.c **** uint32_t HAL_RNG_GetRandomNumber_IT(RNG_HandleTypeDef *hrng)
 409:Drivers/STM32F4xx_HAL_Driver/Src/stm32f4xx_hal_rng.c **** {
 455              		.loc 1 409 1 is_stmt 1 view -0
 456              		.cfi_startproc
 457              		@ args = 0, pretend = 0, frame = 0
 458              		@ frame_needed = 0, uses_anonymous_args = 0
 459              		@ link register save eliminated.
 410:Drivers/STM32F4xx_HAL_Driver/Src/stm32f4xx_hal_rng.c ****   uint32_t random32bit = 0U;
 460              		.loc 1 410 3 view .LVU118
 411:Drivers/STM32F4xx_HAL_Driver/Src/stm32f4xx_hal_rng.c ****   
 412:Drivers/STM32F4xx_HAL_Driver/Src/stm32f4xx_hal_rng.c ****   /* Process locked */
 413:Drivers/STM32F4xx_HAL_Driver/Src/stm32f4xx_hal_rng.c ****   __HAL_LOCK(hrng);
 461              		.loc 1 413 3 view .LVU119
 462              		.loc 1 413 3 view .LVU120
 463 0000 0379     		ldrb	r3, [r0, #4]	@ zero_extendqisi2
 464 0002 012B     		cmp	r3, #1
 465 0004 0AD0     		beq	.L43
 466              		.loc 1 413 3 discriminator 2 view .LVU121
 467 0006 0123     		movs	r3, #1
 468 0008 0371     		strb	r3, [r0, #4]
 414:Drivers/STM32F4xx_HAL_Driver/Src/stm32f4xx_hal_rng.c ****   
 415:Drivers/STM32F4xx_HAL_Driver/Src/stm32f4xx_hal_rng.c ****   /* Change RNG peripheral state */  
 416:Drivers/STM32F4xx_HAL_Driver/Src/stm32f4xx_hal_rng.c ****   hrng->State = HAL_RNG_STATE_BUSY;  
 469              		.loc 1 416 3 discriminator 2 view .LVU122
 470              		.loc 1 416 15 is_stmt 0 discriminator 2 view .LVU123
 471 000a 0223     		movs	r3, #2
 472 000c 4371     		strb	r3, [r0, #5]
 417:Drivers/STM32F4xx_HAL_Driver/Src/stm32f4xx_hal_rng.c ****   
 418:Drivers/STM32F4xx_HAL_Driver/Src/stm32f4xx_hal_rng.c ****   /* Get a 32bit Random number */ 
 419:Drivers/STM32F4xx_HAL_Driver/Src/stm32f4xx_hal_rng.c ****   random32bit = hrng->Instance->DR;
 473              		.loc 1 419 3 is_stmt 1 discriminator 2 view .LVU124
 474              		.loc 1 419 21 is_stmt 0 discriminator 2 view .LVU125
 475 000e 0368     		ldr	r3, [r0]
 476              		.loc 1 419 15 discriminator 2 view .LVU126
 477 0010 9868     		ldr	r0, [r3, #8]
 478              	.LVL31:
 420:Drivers/STM32F4xx_HAL_Driver/Src/stm32f4xx_hal_rng.c ****   
 421:Drivers/STM32F4xx_HAL_Driver/Src/stm32f4xx_hal_rng.c ****   /* Enable the RNG Interrupts: Data Ready, Clock error, Seed error */ 
 422:Drivers/STM32F4xx_HAL_Driver/Src/stm32f4xx_hal_rng.c ****   __HAL_RNG_ENABLE_IT(hrng); 
 479              		.loc 1 422 3 is_stmt 1 discriminator 2 view .LVU127
 480 0012 1A68     		ldr	r2, [r3]
 481 0014 42F00802 		orr	r2, r2, #8
 482 0018 1A60     		str	r2, [r3]
 423:Drivers/STM32F4xx_HAL_Driver/Src/stm32f4xx_hal_rng.c ****   
 424:Drivers/STM32F4xx_HAL_Driver/Src/stm32f4xx_hal_rng.c ****   /* Return the 32 bit random number */   
 425:Drivers/STM32F4xx_HAL_Driver/Src/stm32f4xx_hal_rng.c ****   return random32bit;
 483              		.loc 1 425 3 discriminator 2 view .LVU128
 484              		.loc 1 425 10 is_stmt 0 discriminator 2 view .LVU129
 485 001a 7047     		bx	lr
 486              	.LVL32:
 487              	.L43:
ARM GAS  /var/folders/n1/76bg37b13ls08p1dhb9rhvd40000gn/T//cc71uuky.s 			page 18


 413:Drivers/STM32F4xx_HAL_Driver/Src/stm32f4xx_hal_rng.c ****   
 488              		.loc 1 413 3 view .LVU130
 489 001c 0220     		movs	r0, #2
 490              	.LVL33:
 426:Drivers/STM32F4xx_HAL_Driver/Src/stm32f4xx_hal_rng.c **** }
 491              		.loc 1 426 1 view .LVU131
 492 001e 7047     		bx	lr
 493              		.cfi_endproc
 494              	.LFE134:
 496              		.section	.text.HAL_RNG_ReadLastRandomNumber,"ax",%progbits
 497              		.align	1
 498              		.global	HAL_RNG_ReadLastRandomNumber
 499              		.syntax unified
 500              		.thumb
 501              		.thumb_func
 502              		.fpu fpv4-sp-d16
 504              	HAL_RNG_ReadLastRandomNumber:
 505              	.LVL34:
 506              	.LFB135:
 427:Drivers/STM32F4xx_HAL_Driver/Src/stm32f4xx_hal_rng.c **** 
 428:Drivers/STM32F4xx_HAL_Driver/Src/stm32f4xx_hal_rng.c **** /**
 429:Drivers/STM32F4xx_HAL_Driver/Src/stm32f4xx_hal_rng.c ****   * @brief  Read latest generated random number. 
 430:Drivers/STM32F4xx_HAL_Driver/Src/stm32f4xx_hal_rng.c ****   * @param  hrng pointer to a RNG_HandleTypeDef structure that contains
 431:Drivers/STM32F4xx_HAL_Driver/Src/stm32f4xx_hal_rng.c ****   *                the configuration information for RNG.
 432:Drivers/STM32F4xx_HAL_Driver/Src/stm32f4xx_hal_rng.c ****   * @retval random value
 433:Drivers/STM32F4xx_HAL_Driver/Src/stm32f4xx_hal_rng.c ****   */
 434:Drivers/STM32F4xx_HAL_Driver/Src/stm32f4xx_hal_rng.c **** uint32_t HAL_RNG_ReadLastRandomNumber(RNG_HandleTypeDef *hrng)
 435:Drivers/STM32F4xx_HAL_Driver/Src/stm32f4xx_hal_rng.c **** {
 507              		.loc 1 435 1 is_stmt 1 view -0
 508              		.cfi_startproc
 509              		@ args = 0, pretend = 0, frame = 0
 510              		@ frame_needed = 0, uses_anonymous_args = 0
 511              		@ link register save eliminated.
 436:Drivers/STM32F4xx_HAL_Driver/Src/stm32f4xx_hal_rng.c ****   return(hrng->RandomNumber);
 512              		.loc 1 436 3 view .LVU133
 437:Drivers/STM32F4xx_HAL_Driver/Src/stm32f4xx_hal_rng.c **** }
 513              		.loc 1 437 1 is_stmt 0 view .LVU134
 514 0000 8068     		ldr	r0, [r0, #8]
 515              	.LVL35:
 516              		.loc 1 437 1 view .LVU135
 517 0002 7047     		bx	lr
 518              		.cfi_endproc
 519              	.LFE135:
 521              		.section	.text.HAL_RNG_ReadyDataCallback,"ax",%progbits
 522              		.align	1
 523              		.weak	HAL_RNG_ReadyDataCallback
 524              		.syntax unified
 525              		.thumb
 526              		.thumb_func
 527              		.fpu fpv4-sp-d16
 529              	HAL_RNG_ReadyDataCallback:
 530              	.LVL36:
 531              	.LFB136:
 438:Drivers/STM32F4xx_HAL_Driver/Src/stm32f4xx_hal_rng.c **** 
 439:Drivers/STM32F4xx_HAL_Driver/Src/stm32f4xx_hal_rng.c **** /**
 440:Drivers/STM32F4xx_HAL_Driver/Src/stm32f4xx_hal_rng.c ****   * @brief  Data Ready callback in non-blocking mode. 
 441:Drivers/STM32F4xx_HAL_Driver/Src/stm32f4xx_hal_rng.c ****   * @param  hrng pointer to a RNG_HandleTypeDef structure that contains
ARM GAS  /var/folders/n1/76bg37b13ls08p1dhb9rhvd40000gn/T//cc71uuky.s 			page 19


 442:Drivers/STM32F4xx_HAL_Driver/Src/stm32f4xx_hal_rng.c ****   *                the configuration information for RNG.
 443:Drivers/STM32F4xx_HAL_Driver/Src/stm32f4xx_hal_rng.c ****   * @param  random32bit generated random number.
 444:Drivers/STM32F4xx_HAL_Driver/Src/stm32f4xx_hal_rng.c ****   * @retval None
 445:Drivers/STM32F4xx_HAL_Driver/Src/stm32f4xx_hal_rng.c ****   */
 446:Drivers/STM32F4xx_HAL_Driver/Src/stm32f4xx_hal_rng.c **** __weak void HAL_RNG_ReadyDataCallback(RNG_HandleTypeDef *hrng, uint32_t random32bit)
 447:Drivers/STM32F4xx_HAL_Driver/Src/stm32f4xx_hal_rng.c **** {
 532              		.loc 1 447 1 is_stmt 1 view -0
 533              		.cfi_startproc
 534              		@ args = 0, pretend = 0, frame = 0
 535              		@ frame_needed = 0, uses_anonymous_args = 0
 536              		@ link register save eliminated.
 448:Drivers/STM32F4xx_HAL_Driver/Src/stm32f4xx_hal_rng.c ****   /* Prevent unused argument(s) compilation warning */
 449:Drivers/STM32F4xx_HAL_Driver/Src/stm32f4xx_hal_rng.c ****   UNUSED(hrng);
 537              		.loc 1 449 3 view .LVU137
 450:Drivers/STM32F4xx_HAL_Driver/Src/stm32f4xx_hal_rng.c ****   UNUSED(random32bit);
 538              		.loc 1 450 3 view .LVU138
 451:Drivers/STM32F4xx_HAL_Driver/Src/stm32f4xx_hal_rng.c ****   /* NOTE : This function should not be modified. When the callback is needed,
 452:Drivers/STM32F4xx_HAL_Driver/Src/stm32f4xx_hal_rng.c ****             function HAL_RNG_ReadyDataCallback must be implemented in the user file.
 453:Drivers/STM32F4xx_HAL_Driver/Src/stm32f4xx_hal_rng.c ****    */
 454:Drivers/STM32F4xx_HAL_Driver/Src/stm32f4xx_hal_rng.c **** }
 539              		.loc 1 454 1 is_stmt 0 view .LVU139
 540 0000 7047     		bx	lr
 541              		.cfi_endproc
 542              	.LFE136:
 544              		.section	.text.HAL_RNG_ErrorCallback,"ax",%progbits
 545              		.align	1
 546              		.weak	HAL_RNG_ErrorCallback
 547              		.syntax unified
 548              		.thumb
 549              		.thumb_func
 550              		.fpu fpv4-sp-d16
 552              	HAL_RNG_ErrorCallback:
 553              	.LVL37:
 554              	.LFB137:
 455:Drivers/STM32F4xx_HAL_Driver/Src/stm32f4xx_hal_rng.c **** 
 456:Drivers/STM32F4xx_HAL_Driver/Src/stm32f4xx_hal_rng.c **** /**
 457:Drivers/STM32F4xx_HAL_Driver/Src/stm32f4xx_hal_rng.c ****   * @brief  RNG error callbacks.
 458:Drivers/STM32F4xx_HAL_Driver/Src/stm32f4xx_hal_rng.c ****   * @param  hrng pointer to a RNG_HandleTypeDef structure that contains
 459:Drivers/STM32F4xx_HAL_Driver/Src/stm32f4xx_hal_rng.c ****   *                the configuration information for RNG.
 460:Drivers/STM32F4xx_HAL_Driver/Src/stm32f4xx_hal_rng.c ****   * @retval None
 461:Drivers/STM32F4xx_HAL_Driver/Src/stm32f4xx_hal_rng.c ****   */
 462:Drivers/STM32F4xx_HAL_Driver/Src/stm32f4xx_hal_rng.c **** __weak void HAL_RNG_ErrorCallback(RNG_HandleTypeDef *hrng)
 463:Drivers/STM32F4xx_HAL_Driver/Src/stm32f4xx_hal_rng.c **** {
 555              		.loc 1 463 1 is_stmt 1 view -0
 556              		.cfi_startproc
 557              		@ args = 0, pretend = 0, frame = 0
 558              		@ frame_needed = 0, uses_anonymous_args = 0
 559              		@ link register save eliminated.
 464:Drivers/STM32F4xx_HAL_Driver/Src/stm32f4xx_hal_rng.c ****   /* Prevent unused argument(s) compilation warning */
 465:Drivers/STM32F4xx_HAL_Driver/Src/stm32f4xx_hal_rng.c ****   UNUSED(hrng);
 560              		.loc 1 465 3 view .LVU141
 466:Drivers/STM32F4xx_HAL_Driver/Src/stm32f4xx_hal_rng.c ****   /* NOTE : This function should not be modified. When the callback is needed,
 467:Drivers/STM32F4xx_HAL_Driver/Src/stm32f4xx_hal_rng.c ****             function HAL_RNG_ErrorCallback must be implemented in the user file.
 468:Drivers/STM32F4xx_HAL_Driver/Src/stm32f4xx_hal_rng.c ****    */
 469:Drivers/STM32F4xx_HAL_Driver/Src/stm32f4xx_hal_rng.c **** }
 561              		.loc 1 469 1 is_stmt 0 view .LVU142
 562 0000 7047     		bx	lr
ARM GAS  /var/folders/n1/76bg37b13ls08p1dhb9rhvd40000gn/T//cc71uuky.s 			page 20


 563              		.cfi_endproc
 564              	.LFE137:
 566              		.section	.text.HAL_RNG_IRQHandler,"ax",%progbits
 567              		.align	1
 568              		.global	HAL_RNG_IRQHandler
 569              		.syntax unified
 570              		.thumb
 571              		.thumb_func
 572              		.fpu fpv4-sp-d16
 574              	HAL_RNG_IRQHandler:
 575              	.LVL38:
 576              	.LFB132:
 348:Drivers/STM32F4xx_HAL_Driver/Src/stm32f4xx_hal_rng.c ****   /* RNG clock error interrupt occurred */
 577              		.loc 1 348 1 is_stmt 1 view -0
 578              		.cfi_startproc
 579              		@ args = 0, pretend = 0, frame = 0
 580              		@ frame_needed = 0, uses_anonymous_args = 0
 348:Drivers/STM32F4xx_HAL_Driver/Src/stm32f4xx_hal_rng.c ****   /* RNG clock error interrupt occurred */
 581              		.loc 1 348 1 is_stmt 0 view .LVU144
 582 0000 10B5     		push	{r4, lr}
 583              	.LCFI7:
 584              		.cfi_def_cfa_offset 8
 585              		.cfi_offset 4, -8
 586              		.cfi_offset 14, -4
 587 0002 0446     		mov	r4, r0
 350:Drivers/STM32F4xx_HAL_Driver/Src/stm32f4xx_hal_rng.c ****   { 
 588              		.loc 1 350 3 is_stmt 1 view .LVU145
 350:Drivers/STM32F4xx_HAL_Driver/Src/stm32f4xx_hal_rng.c ****   { 
 589              		.loc 1 350 7 is_stmt 0 view .LVU146
 590 0004 0368     		ldr	r3, [r0]
 591 0006 5A68     		ldr	r2, [r3, #4]
 350:Drivers/STM32F4xx_HAL_Driver/Src/stm32f4xx_hal_rng.c ****   { 
 592              		.loc 1 350 5 view .LVU147
 593 0008 12F0200F 		tst	r2, #32
 594 000c 03D1     		bne	.L48
 350:Drivers/STM32F4xx_HAL_Driver/Src/stm32f4xx_hal_rng.c ****   { 
 595              		.loc 1 350 57 discriminator 1 view .LVU148
 596 000e 5B68     		ldr	r3, [r3, #4]
 350:Drivers/STM32F4xx_HAL_Driver/Src/stm32f4xx_hal_rng.c ****   { 
 597              		.loc 1 350 52 discriminator 1 view .LVU149
 598 0010 13F0400F 		tst	r3, #64
 599 0014 08D0     		beq	.L49
 600              	.L48:
 353:Drivers/STM32F4xx_HAL_Driver/Src/stm32f4xx_hal_rng.c ****   
 601              		.loc 1 353 5 is_stmt 1 view .LVU150
 353:Drivers/STM32F4xx_HAL_Driver/Src/stm32f4xx_hal_rng.c ****   
 602              		.loc 1 353 17 is_stmt 0 view .LVU151
 603 0016 0423     		movs	r3, #4
 604 0018 6371     		strb	r3, [r4, #5]
 355:Drivers/STM32F4xx_HAL_Driver/Src/stm32f4xx_hal_rng.c ****     
 605              		.loc 1 355 5 is_stmt 1 view .LVU152
 606 001a 2046     		mov	r0, r4
 607              	.LVL39:
 355:Drivers/STM32F4xx_HAL_Driver/Src/stm32f4xx_hal_rng.c ****     
 608              		.loc 1 355 5 is_stmt 0 view .LVU153
 609 001c FFF7FEFF 		bl	HAL_RNG_ErrorCallback
 610              	.LVL40:
ARM GAS  /var/folders/n1/76bg37b13ls08p1dhb9rhvd40000gn/T//cc71uuky.s 			page 21


 358:Drivers/STM32F4xx_HAL_Driver/Src/stm32f4xx_hal_rng.c ****     
 611              		.loc 1 358 5 is_stmt 1 view .LVU154
 612 0020 2368     		ldr	r3, [r4]
 613 0022 6FF06002 		mvn	r2, #96
 614 0026 5A60     		str	r2, [r3, #4]
 615              	.L49:
 363:Drivers/STM32F4xx_HAL_Driver/Src/stm32f4xx_hal_rng.c ****   {
 616              		.loc 1 363 3 view .LVU155
 363:Drivers/STM32F4xx_HAL_Driver/Src/stm32f4xx_hal_rng.c ****   {
 617              		.loc 1 363 6 is_stmt 0 view .LVU156
 618 0028 2368     		ldr	r3, [r4]
 619 002a 5A68     		ldr	r2, [r3, #4]
 363:Drivers/STM32F4xx_HAL_Driver/Src/stm32f4xx_hal_rng.c ****   {
 620              		.loc 1 363 5 view .LVU157
 621 002c 12F0010F 		tst	r2, #1
 622 0030 0AD0     		beq	.L47
 366:Drivers/STM32F4xx_HAL_Driver/Src/stm32f4xx_hal_rng.c ****     
 623              		.loc 1 366 5 is_stmt 1 view .LVU158
 624 0032 1A68     		ldr	r2, [r3]
 625 0034 22F00802 		bic	r2, r2, #8
 626 0038 1A60     		str	r2, [r3]
 369:Drivers/STM32F4xx_HAL_Driver/Src/stm32f4xx_hal_rng.c ****     
 627              		.loc 1 369 5 view .LVU159
 369:Drivers/STM32F4xx_HAL_Driver/Src/stm32f4xx_hal_rng.c ****     
 628              		.loc 1 369 30 is_stmt 0 view .LVU160
 629 003a 2368     		ldr	r3, [r4]
 369:Drivers/STM32F4xx_HAL_Driver/Src/stm32f4xx_hal_rng.c ****     
 630              		.loc 1 369 40 view .LVU161
 631 003c 9968     		ldr	r1, [r3, #8]
 369:Drivers/STM32F4xx_HAL_Driver/Src/stm32f4xx_hal_rng.c ****     
 632              		.loc 1 369 24 view .LVU162
 633 003e A160     		str	r1, [r4, #8]
 371:Drivers/STM32F4xx_HAL_Driver/Src/stm32f4xx_hal_rng.c ****     {
 634              		.loc 1 371 5 is_stmt 1 view .LVU163
 371:Drivers/STM32F4xx_HAL_Driver/Src/stm32f4xx_hal_rng.c ****     {
 635              		.loc 1 371 12 is_stmt 0 view .LVU164
 636 0040 6379     		ldrb	r3, [r4, #5]	@ zero_extendqisi2
 637 0042 DBB2     		uxtb	r3, r3
 371:Drivers/STM32F4xx_HAL_Driver/Src/stm32f4xx_hal_rng.c ****     {
 638              		.loc 1 371 7 view .LVU165
 639 0044 042B     		cmp	r3, #4
 640 0046 00D1     		bne	.L52
 641              	.L47:
 380:Drivers/STM32F4xx_HAL_Driver/Src/stm32f4xx_hal_rng.c **** 
 642              		.loc 1 380 1 view .LVU166
 643 0048 10BD     		pop	{r4, pc}
 644              	.LVL41:
 645              	.L52:
 374:Drivers/STM32F4xx_HAL_Driver/Src/stm32f4xx_hal_rng.c ****       
 646              		.loc 1 374 7 is_stmt 1 view .LVU167
 374:Drivers/STM32F4xx_HAL_Driver/Src/stm32f4xx_hal_rng.c ****       
 647              		.loc 1 374 19 is_stmt 0 view .LVU168
 648 004a 0123     		movs	r3, #1
 649 004c 6371     		strb	r3, [r4, #5]
 377:Drivers/STM32F4xx_HAL_Driver/Src/stm32f4xx_hal_rng.c ****     } 
 650              		.loc 1 377 7 is_stmt 1 view .LVU169
 651 004e 2046     		mov	r0, r4
ARM GAS  /var/folders/n1/76bg37b13ls08p1dhb9rhvd40000gn/T//cc71uuky.s 			page 22


 652 0050 FFF7FEFF 		bl	HAL_RNG_ReadyDataCallback
 653              	.LVL42:
 380:Drivers/STM32F4xx_HAL_Driver/Src/stm32f4xx_hal_rng.c **** 
 654              		.loc 1 380 1 is_stmt 0 view .LVU170
 655 0054 F8E7     		b	.L47
 656              		.cfi_endproc
 657              	.LFE132:
 659              		.section	.text.HAL_RNG_GetState,"ax",%progbits
 660              		.align	1
 661              		.global	HAL_RNG_GetState
 662              		.syntax unified
 663              		.thumb
 664              		.thumb_func
 665              		.fpu fpv4-sp-d16
 667              	HAL_RNG_GetState:
 668              	.LVL43:
 669              	.LFB138:
 470:Drivers/STM32F4xx_HAL_Driver/Src/stm32f4xx_hal_rng.c **** /**
 471:Drivers/STM32F4xx_HAL_Driver/Src/stm32f4xx_hal_rng.c ****   * @}
 472:Drivers/STM32F4xx_HAL_Driver/Src/stm32f4xx_hal_rng.c ****   */ 
 473:Drivers/STM32F4xx_HAL_Driver/Src/stm32f4xx_hal_rng.c **** 
 474:Drivers/STM32F4xx_HAL_Driver/Src/stm32f4xx_hal_rng.c ****   
 475:Drivers/STM32F4xx_HAL_Driver/Src/stm32f4xx_hal_rng.c **** /** @addtogroup RNG_Exported_Functions_Group3
 476:Drivers/STM32F4xx_HAL_Driver/Src/stm32f4xx_hal_rng.c ****  *  @brief   Peripheral State functions 
 477:Drivers/STM32F4xx_HAL_Driver/Src/stm32f4xx_hal_rng.c ****  *
 478:Drivers/STM32F4xx_HAL_Driver/Src/stm32f4xx_hal_rng.c **** @verbatim   
 479:Drivers/STM32F4xx_HAL_Driver/Src/stm32f4xx_hal_rng.c ****  ===============================================================================
 480:Drivers/STM32F4xx_HAL_Driver/Src/stm32f4xx_hal_rng.c ****                       ##### Peripheral State functions #####
 481:Drivers/STM32F4xx_HAL_Driver/Src/stm32f4xx_hal_rng.c ****  ===============================================================================  
 482:Drivers/STM32F4xx_HAL_Driver/Src/stm32f4xx_hal_rng.c ****     [..]
 483:Drivers/STM32F4xx_HAL_Driver/Src/stm32f4xx_hal_rng.c ****     This subsection permits to get in run-time the status of the peripheral 
 484:Drivers/STM32F4xx_HAL_Driver/Src/stm32f4xx_hal_rng.c ****     and the data flow.
 485:Drivers/STM32F4xx_HAL_Driver/Src/stm32f4xx_hal_rng.c **** 
 486:Drivers/STM32F4xx_HAL_Driver/Src/stm32f4xx_hal_rng.c **** @endverbatim
 487:Drivers/STM32F4xx_HAL_Driver/Src/stm32f4xx_hal_rng.c ****   * @{
 488:Drivers/STM32F4xx_HAL_Driver/Src/stm32f4xx_hal_rng.c ****   */
 489:Drivers/STM32F4xx_HAL_Driver/Src/stm32f4xx_hal_rng.c ****   
 490:Drivers/STM32F4xx_HAL_Driver/Src/stm32f4xx_hal_rng.c **** /**
 491:Drivers/STM32F4xx_HAL_Driver/Src/stm32f4xx_hal_rng.c ****   * @brief  Returns the RNG state.
 492:Drivers/STM32F4xx_HAL_Driver/Src/stm32f4xx_hal_rng.c ****   * @param  hrng pointer to a RNG_HandleTypeDef structure that contains
 493:Drivers/STM32F4xx_HAL_Driver/Src/stm32f4xx_hal_rng.c ****   *                the configuration information for RNG.
 494:Drivers/STM32F4xx_HAL_Driver/Src/stm32f4xx_hal_rng.c ****   * @retval HAL state
 495:Drivers/STM32F4xx_HAL_Driver/Src/stm32f4xx_hal_rng.c ****   */
 496:Drivers/STM32F4xx_HAL_Driver/Src/stm32f4xx_hal_rng.c **** HAL_RNG_StateTypeDef HAL_RNG_GetState(RNG_HandleTypeDef *hrng)
 497:Drivers/STM32F4xx_HAL_Driver/Src/stm32f4xx_hal_rng.c **** {
 670              		.loc 1 497 1 is_stmt 1 view -0
 671              		.cfi_startproc
 672              		@ args = 0, pretend = 0, frame = 0
 673              		@ frame_needed = 0, uses_anonymous_args = 0
 674              		@ link register save eliminated.
 498:Drivers/STM32F4xx_HAL_Driver/Src/stm32f4xx_hal_rng.c ****   return hrng->State;
 675              		.loc 1 498 3 view .LVU172
 676              		.loc 1 498 14 is_stmt 0 view .LVU173
 677 0000 4079     		ldrb	r0, [r0, #5]	@ zero_extendqisi2
 678              	.LVL44:
 499:Drivers/STM32F4xx_HAL_Driver/Src/stm32f4xx_hal_rng.c **** }
 679              		.loc 1 499 1 view .LVU174
ARM GAS  /var/folders/n1/76bg37b13ls08p1dhb9rhvd40000gn/T//cc71uuky.s 			page 23


 680 0002 7047     		bx	lr
 681              		.cfi_endproc
 682              	.LFE138:
 684              		.text
 685              	.Letext0:
 686              		.file 2 "/Users/drb/Downloads/gcc-arm-none-eabi-8-2018-q4-major/arm-none-eabi/include/machine/_def
 687              		.file 3 "/Users/drb/Downloads/gcc-arm-none-eabi-8-2018-q4-major/arm-none-eabi/include/sys/_stdint.
 688              		.file 4 "Drivers/CMSIS/Include/core_cm4.h"
 689              		.file 5 "Drivers/CMSIS/Device/ST/STM32F4xx/Include/system_stm32f4xx.h"
 690              		.file 6 "Drivers/CMSIS/Device/ST/STM32F4xx/Include/stm32f427xx.h"
 691              		.file 7 "/Users/drb/Downloads/gcc-arm-none-eabi-8-2018-q4-major/arm-none-eabi/include/sys/lock.h"
 692              		.file 8 "/Users/drb/Downloads/gcc-arm-none-eabi-8-2018-q4-major/arm-none-eabi/include/sys/_types.h
 693              		.file 9 "/Users/drb/Downloads/gcc-arm-none-eabi-8-2018-q4-major/lib/gcc/arm-none-eabi/8.2.1/includ
 694              		.file 10 "/Users/drb/Downloads/gcc-arm-none-eabi-8-2018-q4-major/arm-none-eabi/include/sys/reent.h
 695              		.file 11 "Drivers/CMSIS/Device/ST/STM32F4xx/Include/stm32f4xx.h"
 696              		.file 12 "Drivers/STM32F4xx_HAL_Driver/Inc/stm32f4xx_hal_def.h"
 697              		.file 13 "Drivers/STM32F4xx_HAL_Driver/Inc/stm32f4xx_hal_rng.h"
 698              		.file 14 "Drivers/STM32F4xx_HAL_Driver/Inc/stm32f4xx_hal.h"
ARM GAS  /var/folders/n1/76bg37b13ls08p1dhb9rhvd40000gn/T//cc71uuky.s 			page 24


DEFINED SYMBOLS
                            *ABS*:0000000000000000 stm32f4xx_hal_rng.c
/var/folders/n1/76bg37b13ls08p1dhb9rhvd40000gn/T//cc71uuky.s:18     .text.HAL_RNG_MspInit:0000000000000000 $t
/var/folders/n1/76bg37b13ls08p1dhb9rhvd40000gn/T//cc71uuky.s:26     .text.HAL_RNG_MspInit:0000000000000000 HAL_RNG_MspInit
/var/folders/n1/76bg37b13ls08p1dhb9rhvd40000gn/T//cc71uuky.s:42     .text.HAL_RNG_Init:0000000000000000 $t
/var/folders/n1/76bg37b13ls08p1dhb9rhvd40000gn/T//cc71uuky.s:49     .text.HAL_RNG_Init:0000000000000000 HAL_RNG_Init
/var/folders/n1/76bg37b13ls08p1dhb9rhvd40000gn/T//cc71uuky.s:116    .text.HAL_RNG_MspDeInit:0000000000000000 $t
/var/folders/n1/76bg37b13ls08p1dhb9rhvd40000gn/T//cc71uuky.s:123    .text.HAL_RNG_MspDeInit:0000000000000000 HAL_RNG_MspDeInit
/var/folders/n1/76bg37b13ls08p1dhb9rhvd40000gn/T//cc71uuky.s:138    .text.HAL_RNG_DeInit:0000000000000000 $t
/var/folders/n1/76bg37b13ls08p1dhb9rhvd40000gn/T//cc71uuky.s:145    .text.HAL_RNG_DeInit:0000000000000000 HAL_RNG_DeInit
/var/folders/n1/76bg37b13ls08p1dhb9rhvd40000gn/T//cc71uuky.s:200    .text.HAL_RNG_GenerateRandomNumber:0000000000000000 $t
/var/folders/n1/76bg37b13ls08p1dhb9rhvd40000gn/T//cc71uuky.s:207    .text.HAL_RNG_GenerateRandomNumber:0000000000000000 HAL_RNG_GenerateRandomNumber
/var/folders/n1/76bg37b13ls08p1dhb9rhvd40000gn/T//cc71uuky.s:329    .text.HAL_RNG_GenerateRandomNumber_IT:0000000000000000 $t
/var/folders/n1/76bg37b13ls08p1dhb9rhvd40000gn/T//cc71uuky.s:336    .text.HAL_RNG_GenerateRandomNumber_IT:0000000000000000 HAL_RNG_GenerateRandomNumber_IT
/var/folders/n1/76bg37b13ls08p1dhb9rhvd40000gn/T//cc71uuky.s:402    .text.HAL_RNG_GetRandomNumber:0000000000000000 $t
/var/folders/n1/76bg37b13ls08p1dhb9rhvd40000gn/T//cc71uuky.s:409    .text.HAL_RNG_GetRandomNumber:0000000000000000 HAL_RNG_GetRandomNumber
/var/folders/n1/76bg37b13ls08p1dhb9rhvd40000gn/T//cc71uuky.s:445    .text.HAL_RNG_GetRandomNumber_IT:0000000000000000 $t
/var/folders/n1/76bg37b13ls08p1dhb9rhvd40000gn/T//cc71uuky.s:452    .text.HAL_RNG_GetRandomNumber_IT:0000000000000000 HAL_RNG_GetRandomNumber_IT
/var/folders/n1/76bg37b13ls08p1dhb9rhvd40000gn/T//cc71uuky.s:497    .text.HAL_RNG_ReadLastRandomNumber:0000000000000000 $t
/var/folders/n1/76bg37b13ls08p1dhb9rhvd40000gn/T//cc71uuky.s:504    .text.HAL_RNG_ReadLastRandomNumber:0000000000000000 HAL_RNG_ReadLastRandomNumber
/var/folders/n1/76bg37b13ls08p1dhb9rhvd40000gn/T//cc71uuky.s:522    .text.HAL_RNG_ReadyDataCallback:0000000000000000 $t
/var/folders/n1/76bg37b13ls08p1dhb9rhvd40000gn/T//cc71uuky.s:529    .text.HAL_RNG_ReadyDataCallback:0000000000000000 HAL_RNG_ReadyDataCallback
/var/folders/n1/76bg37b13ls08p1dhb9rhvd40000gn/T//cc71uuky.s:545    .text.HAL_RNG_ErrorCallback:0000000000000000 $t
/var/folders/n1/76bg37b13ls08p1dhb9rhvd40000gn/T//cc71uuky.s:552    .text.HAL_RNG_ErrorCallback:0000000000000000 HAL_RNG_ErrorCallback
/var/folders/n1/76bg37b13ls08p1dhb9rhvd40000gn/T//cc71uuky.s:567    .text.HAL_RNG_IRQHandler:0000000000000000 $t
/var/folders/n1/76bg37b13ls08p1dhb9rhvd40000gn/T//cc71uuky.s:574    .text.HAL_RNG_IRQHandler:0000000000000000 HAL_RNG_IRQHandler
/var/folders/n1/76bg37b13ls08p1dhb9rhvd40000gn/T//cc71uuky.s:660    .text.HAL_RNG_GetState:0000000000000000 $t
/var/folders/n1/76bg37b13ls08p1dhb9rhvd40000gn/T//cc71uuky.s:667    .text.HAL_RNG_GetState:0000000000000000 HAL_RNG_GetState

UNDEFINED SYMBOLS
HAL_GetTick
