ARM GAS  /var/folders/n1/76bg37b13ls08p1dhb9rhvd40000gn/T//cc9G2YA5.s 			page 1


   1              		.cpu cortex-m4
   2              		.eabi_attribute 27, 1
   3              		.eabi_attribute 28, 1
   4              		.eabi_attribute 20, 1
   5              		.eabi_attribute 21, 1
   6              		.eabi_attribute 23, 3
   7              		.eabi_attribute 24, 1
   8              		.eabi_attribute 25, 1
   9              		.eabi_attribute 26, 1
  10              		.eabi_attribute 30, 1
  11              		.eabi_attribute 34, 1
  12              		.eabi_attribute 18, 4
  13              		.file	"stm32f4xx_it.c"
  14              		.text
  15              	.Ltext0:
  16              		.cfi_sections	.debug_frame
  17              		.section	.text.NMI_Handler,"ax",%progbits
  18              		.align	1
  19              		.global	NMI_Handler
  20              		.arch armv7e-m
  21              		.syntax unified
  22              		.thumb
  23              		.thumb_func
  24              		.fpu fpv4-sp-d16
  26              	NMI_Handler:
  27              	.LFB131:
  28              		.file 1 "Core/Src/stm32f4xx_it.c"
   1:Core/Src/stm32f4xx_it.c **** /* USER CODE BEGIN Header */
   2:Core/Src/stm32f4xx_it.c **** /**
   3:Core/Src/stm32f4xx_it.c ****   ******************************************************************************
   4:Core/Src/stm32f4xx_it.c ****   * @file    stm32f4xx_it.c
   5:Core/Src/stm32f4xx_it.c ****   * @brief   Interrupt Service Routines.
   6:Core/Src/stm32f4xx_it.c ****   ******************************************************************************
   7:Core/Src/stm32f4xx_it.c ****   *
   8:Core/Src/stm32f4xx_it.c ****   * COPYRIGHT(c) 2019 STMicroelectronics
   9:Core/Src/stm32f4xx_it.c ****   *
  10:Core/Src/stm32f4xx_it.c ****   * Redistribution and use in source and binary forms, with or without modification,
  11:Core/Src/stm32f4xx_it.c ****   * are permitted provided that the following conditions are met:
  12:Core/Src/stm32f4xx_it.c ****   *   1. Redistributions of source code must retain the above copyright notice,
  13:Core/Src/stm32f4xx_it.c ****   *      this list of conditions and the following disclaimer.
  14:Core/Src/stm32f4xx_it.c ****   *   2. Redistributions in binary form must reproduce the above copyright notice,
  15:Core/Src/stm32f4xx_it.c ****   *      this list of conditions and the following disclaimer in the documentation
  16:Core/Src/stm32f4xx_it.c ****   *      and/or other materials provided with the distribution.
  17:Core/Src/stm32f4xx_it.c ****   *   3. Neither the name of STMicroelectronics nor the names of its contributors
  18:Core/Src/stm32f4xx_it.c ****   *      may be used to endorse or promote products derived from this software
  19:Core/Src/stm32f4xx_it.c ****   *      without specific prior written permission.
  20:Core/Src/stm32f4xx_it.c ****   *
  21:Core/Src/stm32f4xx_it.c ****   * THIS SOFTWARE IS PROVIDED BY THE COPYRIGHT HOLDERS AND CONTRIBUTORS "AS IS"
  22:Core/Src/stm32f4xx_it.c ****   * AND ANY EXPRESS OR IMPLIED WARRANTIES, INCLUDING, BUT NOT LIMITED TO, THE
  23:Core/Src/stm32f4xx_it.c ****   * IMPLIED WARRANTIES OF MERCHANTABILITY AND FITNESS FOR A PARTICULAR PURPOSE ARE
  24:Core/Src/stm32f4xx_it.c ****   * DISCLAIMED. IN NO EVENT SHALL THE COPYRIGHT HOLDER OR CONTRIBUTORS BE LIABLE
  25:Core/Src/stm32f4xx_it.c ****   * FOR ANY DIRECT, INDIRECT, INCIDENTAL, SPECIAL, EXEMPLARY, OR CONSEQUENTIAL
  26:Core/Src/stm32f4xx_it.c ****   * DAMAGES (INCLUDING, BUT NOT LIMITED TO, PROCUREMENT OF SUBSTITUTE GOODS OR
  27:Core/Src/stm32f4xx_it.c ****   * SERVICES; LOSS OF USE, DATA, OR PROFITS; OR BUSINESS INTERRUPTION) HOWEVER
  28:Core/Src/stm32f4xx_it.c ****   * CAUSED AND ON ANY THEORY OF LIABILITY, WHETHER IN CONTRACT, STRICT LIABILITY,
  29:Core/Src/stm32f4xx_it.c ****   * OR TORT (INCLUDING NEGLIGENCE OR OTHERWISE) ARISING IN ANY WAY OUT OF THE USE
  30:Core/Src/stm32f4xx_it.c ****   * OF THIS SOFTWARE, EVEN IF ADVISED OF THE POSSIBILITY OF SUCH DAMAGE.
ARM GAS  /var/folders/n1/76bg37b13ls08p1dhb9rhvd40000gn/T//cc9G2YA5.s 			page 2


  31:Core/Src/stm32f4xx_it.c ****   *
  32:Core/Src/stm32f4xx_it.c ****   ******************************************************************************
  33:Core/Src/stm32f4xx_it.c ****   */
  34:Core/Src/stm32f4xx_it.c **** /* USER CODE END Header */
  35:Core/Src/stm32f4xx_it.c **** 
  36:Core/Src/stm32f4xx_it.c **** /* Includes ------------------------------------------------------------------*/
  37:Core/Src/stm32f4xx_it.c **** #include "main.h"
  38:Core/Src/stm32f4xx_it.c **** #include "stm32f4xx_it.h"
  39:Core/Src/stm32f4xx_it.c **** #include "cmsis_os.h"
  40:Core/Src/stm32f4xx_it.c **** /* Private includes ----------------------------------------------------------*/
  41:Core/Src/stm32f4xx_it.c **** /* USER CODE BEGIN Includes */
  42:Core/Src/stm32f4xx_it.c **** /* USER CODE END Includes */
  43:Core/Src/stm32f4xx_it.c **** 
  44:Core/Src/stm32f4xx_it.c **** /* Private typedef -----------------------------------------------------------*/
  45:Core/Src/stm32f4xx_it.c **** /* USER CODE BEGIN TD */
  46:Core/Src/stm32f4xx_it.c **** 
  47:Core/Src/stm32f4xx_it.c **** /* USER CODE END TD */
  48:Core/Src/stm32f4xx_it.c **** 
  49:Core/Src/stm32f4xx_it.c **** /* Private define ------------------------------------------------------------*/
  50:Core/Src/stm32f4xx_it.c **** /* USER CODE BEGIN PD */
  51:Core/Src/stm32f4xx_it.c ****  
  52:Core/Src/stm32f4xx_it.c **** /* USER CODE END PD */
  53:Core/Src/stm32f4xx_it.c **** 
  54:Core/Src/stm32f4xx_it.c **** /* Private macro -------------------------------------------------------------*/
  55:Core/Src/stm32f4xx_it.c **** /* USER CODE BEGIN PM */
  56:Core/Src/stm32f4xx_it.c **** 
  57:Core/Src/stm32f4xx_it.c **** /* USER CODE END PM */
  58:Core/Src/stm32f4xx_it.c **** 
  59:Core/Src/stm32f4xx_it.c **** /* Private variables ---------------------------------------------------------*/
  60:Core/Src/stm32f4xx_it.c **** /* USER CODE BEGIN PV */
  61:Core/Src/stm32f4xx_it.c **** 
  62:Core/Src/stm32f4xx_it.c **** /* USER CODE END PV */
  63:Core/Src/stm32f4xx_it.c **** 
  64:Core/Src/stm32f4xx_it.c **** /* Private function prototypes -----------------------------------------------*/
  65:Core/Src/stm32f4xx_it.c **** /* USER CODE BEGIN PFP */
  66:Core/Src/stm32f4xx_it.c **** 
  67:Core/Src/stm32f4xx_it.c **** /* USER CODE END PFP */
  68:Core/Src/stm32f4xx_it.c **** 
  69:Core/Src/stm32f4xx_it.c **** /* Private user code ---------------------------------------------------------*/
  70:Core/Src/stm32f4xx_it.c **** /* USER CODE BEGIN 0 */
  71:Core/Src/stm32f4xx_it.c **** 
  72:Core/Src/stm32f4xx_it.c **** /* USER CODE END 0 */
  73:Core/Src/stm32f4xx_it.c **** 
  74:Core/Src/stm32f4xx_it.c **** /* External variables --------------------------------------------------------*/
  75:Core/Src/stm32f4xx_it.c **** extern RNG_HandleTypeDef hrng;
  76:Core/Src/stm32f4xx_it.c **** /* USER CODE BEGIN EV */
  77:Core/Src/stm32f4xx_it.c **** 
  78:Core/Src/stm32f4xx_it.c **** /* USER CODE END EV */
  79:Core/Src/stm32f4xx_it.c **** 
  80:Core/Src/stm32f4xx_it.c **** /******************************************************************************/
  81:Core/Src/stm32f4xx_it.c **** /*           Cortex-M4 Processor Interruption and Exception Handlers          */ 
  82:Core/Src/stm32f4xx_it.c **** /******************************************************************************/
  83:Core/Src/stm32f4xx_it.c **** /**
  84:Core/Src/stm32f4xx_it.c ****   * @brief This function handles Non maskable interrupt.
  85:Core/Src/stm32f4xx_it.c ****   */
  86:Core/Src/stm32f4xx_it.c **** void NMI_Handler(void)
  87:Core/Src/stm32f4xx_it.c **** {
ARM GAS  /var/folders/n1/76bg37b13ls08p1dhb9rhvd40000gn/T//cc9G2YA5.s 			page 3


  29              		.loc 1 87 1 view -0
  30              		.cfi_startproc
  31              		@ args = 0, pretend = 0, frame = 0
  32              		@ frame_needed = 0, uses_anonymous_args = 0
  33              		@ link register save eliminated.
  88:Core/Src/stm32f4xx_it.c ****   /* USER CODE BEGIN NonMaskableInt_IRQn 0 */
  89:Core/Src/stm32f4xx_it.c **** 
  90:Core/Src/stm32f4xx_it.c ****   /* USER CODE END NonMaskableInt_IRQn 0 */
  91:Core/Src/stm32f4xx_it.c ****   /* USER CODE BEGIN NonMaskableInt_IRQn 1 */
  92:Core/Src/stm32f4xx_it.c **** 
  93:Core/Src/stm32f4xx_it.c ****   /* USER CODE END NonMaskableInt_IRQn 1 */
  94:Core/Src/stm32f4xx_it.c **** }
  34              		.loc 1 94 1 view .LVU1
  35 0000 7047     		bx	lr
  36              		.cfi_endproc
  37              	.LFE131:
  39              		.section	.text.HardFault_Handler,"ax",%progbits
  40              		.align	1
  41              		.global	HardFault_Handler
  42              		.syntax unified
  43              		.thumb
  44              		.thumb_func
  45              		.fpu fpv4-sp-d16
  47              	HardFault_Handler:
  48              	.LFB132:
  95:Core/Src/stm32f4xx_it.c **** 
  96:Core/Src/stm32f4xx_it.c **** /**
  97:Core/Src/stm32f4xx_it.c ****   * @brief This function handles Hard fault interrupt.
  98:Core/Src/stm32f4xx_it.c ****   */
  99:Core/Src/stm32f4xx_it.c **** void HardFault_Handler(void)
 100:Core/Src/stm32f4xx_it.c **** {
  49              		.loc 1 100 1 view -0
  50              		.cfi_startproc
  51              		@ Volatile: function does not return.
  52              		@ args = 0, pretend = 0, frame = 0
  53              		@ frame_needed = 0, uses_anonymous_args = 0
  54              		@ link register save eliminated.
  55              	.L3:
 101:Core/Src/stm32f4xx_it.c ****   /* USER CODE BEGIN HardFault_IRQn 0 */
 102:Core/Src/stm32f4xx_it.c **** 
 103:Core/Src/stm32f4xx_it.c ****   /* USER CODE END HardFault_IRQn 0 */
 104:Core/Src/stm32f4xx_it.c ****   while (1)
  56              		.loc 1 104 3 discriminator 1 view .LVU3
 105:Core/Src/stm32f4xx_it.c ****   {
 106:Core/Src/stm32f4xx_it.c ****     /* USER CODE BEGIN W1_HardFault_IRQn 0 */
 107:Core/Src/stm32f4xx_it.c ****     /* USER CODE END W1_HardFault_IRQn 0 */
 108:Core/Src/stm32f4xx_it.c ****   }
  57              		.loc 1 108 3 discriminator 1 view .LVU4
  58 0000 FEE7     		b	.L3
  59              		.cfi_endproc
  60              	.LFE132:
  62              		.section	.text.MemManage_Handler,"ax",%progbits
  63              		.align	1
  64              		.global	MemManage_Handler
  65              		.syntax unified
  66              		.thumb
  67              		.thumb_func
ARM GAS  /var/folders/n1/76bg37b13ls08p1dhb9rhvd40000gn/T//cc9G2YA5.s 			page 4


  68              		.fpu fpv4-sp-d16
  70              	MemManage_Handler:
  71              	.LFB133:
 109:Core/Src/stm32f4xx_it.c **** }
 110:Core/Src/stm32f4xx_it.c **** 
 111:Core/Src/stm32f4xx_it.c **** /**
 112:Core/Src/stm32f4xx_it.c ****   * @brief This function handles Memory management fault.
 113:Core/Src/stm32f4xx_it.c ****   */
 114:Core/Src/stm32f4xx_it.c **** void MemManage_Handler(void)
 115:Core/Src/stm32f4xx_it.c **** {
  72              		.loc 1 115 1 view -0
  73              		.cfi_startproc
  74              		@ Volatile: function does not return.
  75              		@ args = 0, pretend = 0, frame = 0
  76              		@ frame_needed = 0, uses_anonymous_args = 0
  77              		@ link register save eliminated.
  78              	.L5:
 116:Core/Src/stm32f4xx_it.c ****   /* USER CODE BEGIN MemoryManagement_IRQn 0 */
 117:Core/Src/stm32f4xx_it.c **** 
 118:Core/Src/stm32f4xx_it.c ****   /* USER CODE END MemoryManagement_IRQn 0 */
 119:Core/Src/stm32f4xx_it.c ****   while (1)
  79              		.loc 1 119 3 discriminator 1 view .LVU6
 120:Core/Src/stm32f4xx_it.c ****   {
 121:Core/Src/stm32f4xx_it.c ****     /* USER CODE BEGIN W1_MemoryManagement_IRQn 0 */
 122:Core/Src/stm32f4xx_it.c ****     /* USER CODE END W1_MemoryManagement_IRQn 0 */
 123:Core/Src/stm32f4xx_it.c ****   }
  80              		.loc 1 123 3 discriminator 1 view .LVU7
  81 0000 FEE7     		b	.L5
  82              		.cfi_endproc
  83              	.LFE133:
  85              		.section	.text.BusFault_Handler,"ax",%progbits
  86              		.align	1
  87              		.global	BusFault_Handler
  88              		.syntax unified
  89              		.thumb
  90              		.thumb_func
  91              		.fpu fpv4-sp-d16
  93              	BusFault_Handler:
  94              	.LFB134:
 124:Core/Src/stm32f4xx_it.c **** }
 125:Core/Src/stm32f4xx_it.c **** 
 126:Core/Src/stm32f4xx_it.c **** /**
 127:Core/Src/stm32f4xx_it.c ****   * @brief This function handles Pre-fetch fault, memory access fault.
 128:Core/Src/stm32f4xx_it.c ****   */
 129:Core/Src/stm32f4xx_it.c **** void BusFault_Handler(void)
 130:Core/Src/stm32f4xx_it.c **** {
  95              		.loc 1 130 1 view -0
  96              		.cfi_startproc
  97              		@ Volatile: function does not return.
  98              		@ args = 0, pretend = 0, frame = 0
  99              		@ frame_needed = 0, uses_anonymous_args = 0
 100              		@ link register save eliminated.
 101              	.L7:
 131:Core/Src/stm32f4xx_it.c ****   /* USER CODE BEGIN BusFault_IRQn 0 */
 132:Core/Src/stm32f4xx_it.c **** 
 133:Core/Src/stm32f4xx_it.c ****   /* USER CODE END BusFault_IRQn 0 */
 134:Core/Src/stm32f4xx_it.c ****   while (1)
ARM GAS  /var/folders/n1/76bg37b13ls08p1dhb9rhvd40000gn/T//cc9G2YA5.s 			page 5


 102              		.loc 1 134 3 discriminator 1 view .LVU9
 135:Core/Src/stm32f4xx_it.c ****   {
 136:Core/Src/stm32f4xx_it.c ****     /* USER CODE BEGIN W1_BusFault_IRQn 0 */
 137:Core/Src/stm32f4xx_it.c ****     /* USER CODE END W1_BusFault_IRQn 0 */
 138:Core/Src/stm32f4xx_it.c ****   }
 103              		.loc 1 138 3 discriminator 1 view .LVU10
 104 0000 FEE7     		b	.L7
 105              		.cfi_endproc
 106              	.LFE134:
 108              		.section	.text.UsageFault_Handler,"ax",%progbits
 109              		.align	1
 110              		.global	UsageFault_Handler
 111              		.syntax unified
 112              		.thumb
 113              		.thumb_func
 114              		.fpu fpv4-sp-d16
 116              	UsageFault_Handler:
 117              	.LFB135:
 139:Core/Src/stm32f4xx_it.c **** }
 140:Core/Src/stm32f4xx_it.c **** 
 141:Core/Src/stm32f4xx_it.c **** /**
 142:Core/Src/stm32f4xx_it.c ****   * @brief This function handles Undefined instruction or illegal state.
 143:Core/Src/stm32f4xx_it.c ****   */
 144:Core/Src/stm32f4xx_it.c **** void UsageFault_Handler(void)
 145:Core/Src/stm32f4xx_it.c **** {
 118              		.loc 1 145 1 view -0
 119              		.cfi_startproc
 120              		@ Volatile: function does not return.
 121              		@ args = 0, pretend = 0, frame = 0
 122              		@ frame_needed = 0, uses_anonymous_args = 0
 123              		@ link register save eliminated.
 124              	.L9:
 146:Core/Src/stm32f4xx_it.c ****   /* USER CODE BEGIN UsageFault_IRQn 0 */
 147:Core/Src/stm32f4xx_it.c **** 
 148:Core/Src/stm32f4xx_it.c ****   /* USER CODE END UsageFault_IRQn 0 */
 149:Core/Src/stm32f4xx_it.c ****   while (1)
 125              		.loc 1 149 3 discriminator 1 view .LVU12
 150:Core/Src/stm32f4xx_it.c ****   {
 151:Core/Src/stm32f4xx_it.c ****     /* USER CODE BEGIN W1_UsageFault_IRQn 0 */
 152:Core/Src/stm32f4xx_it.c ****     /* USER CODE END W1_UsageFault_IRQn 0 */
 153:Core/Src/stm32f4xx_it.c ****   }
 126              		.loc 1 153 3 discriminator 1 view .LVU13
 127 0000 FEE7     		b	.L9
 128              		.cfi_endproc
 129              	.LFE135:
 131              		.section	.text.DebugMon_Handler,"ax",%progbits
 132              		.align	1
 133              		.global	DebugMon_Handler
 134              		.syntax unified
 135              		.thumb
 136              		.thumb_func
 137              		.fpu fpv4-sp-d16
 139              	DebugMon_Handler:
 140              	.LFB136:
 154:Core/Src/stm32f4xx_it.c **** }
 155:Core/Src/stm32f4xx_it.c **** 
 156:Core/Src/stm32f4xx_it.c **** /**
ARM GAS  /var/folders/n1/76bg37b13ls08p1dhb9rhvd40000gn/T//cc9G2YA5.s 			page 6


 157:Core/Src/stm32f4xx_it.c ****   * @brief This function handles Debug monitor.
 158:Core/Src/stm32f4xx_it.c ****   */
 159:Core/Src/stm32f4xx_it.c **** void DebugMon_Handler(void)
 160:Core/Src/stm32f4xx_it.c **** {
 141              		.loc 1 160 1 view -0
 142              		.cfi_startproc
 143              		@ args = 0, pretend = 0, frame = 0
 144              		@ frame_needed = 0, uses_anonymous_args = 0
 145              		@ link register save eliminated.
 161:Core/Src/stm32f4xx_it.c ****   /* USER CODE BEGIN DebugMonitor_IRQn 0 */
 162:Core/Src/stm32f4xx_it.c **** 
 163:Core/Src/stm32f4xx_it.c ****   /* USER CODE END DebugMonitor_IRQn 0 */
 164:Core/Src/stm32f4xx_it.c ****   /* USER CODE BEGIN DebugMonitor_IRQn 1 */
 165:Core/Src/stm32f4xx_it.c **** 
 166:Core/Src/stm32f4xx_it.c ****   /* USER CODE END DebugMonitor_IRQn 1 */
 167:Core/Src/stm32f4xx_it.c **** }
 146              		.loc 1 167 1 view .LVU15
 147 0000 7047     		bx	lr
 148              		.cfi_endproc
 149              	.LFE136:
 151              		.section	.text.SysTick_Handler,"ax",%progbits
 152              		.align	1
 153              		.global	SysTick_Handler
 154              		.syntax unified
 155              		.thumb
 156              		.thumb_func
 157              		.fpu fpv4-sp-d16
 159              	SysTick_Handler:
 160              	.LFB137:
 168:Core/Src/stm32f4xx_it.c **** 
 169:Core/Src/stm32f4xx_it.c **** /**
 170:Core/Src/stm32f4xx_it.c ****   * @brief This function handles System tick timer.
 171:Core/Src/stm32f4xx_it.c ****   */
 172:Core/Src/stm32f4xx_it.c **** void SysTick_Handler(void)
 173:Core/Src/stm32f4xx_it.c **** {
 161              		.loc 1 173 1 view -0
 162              		.cfi_startproc
 163              		@ args = 0, pretend = 0, frame = 0
 164              		@ frame_needed = 0, uses_anonymous_args = 0
 165 0000 08B5     		push	{r3, lr}
 166              	.LCFI0:
 167              		.cfi_def_cfa_offset 8
 168              		.cfi_offset 3, -8
 169              		.cfi_offset 14, -4
 174:Core/Src/stm32f4xx_it.c ****   /* USER CODE BEGIN SysTick_IRQn 0 */
 175:Core/Src/stm32f4xx_it.c **** 
 176:Core/Src/stm32f4xx_it.c ****   /* USER CODE END SysTick_IRQn 0 */
 177:Core/Src/stm32f4xx_it.c ****   HAL_IncTick();
 170              		.loc 1 177 3 view .LVU17
 171 0002 FFF7FEFF 		bl	HAL_IncTick
 172              	.LVL0:
 178:Core/Src/stm32f4xx_it.c ****   osSystickHandler();
 173              		.loc 1 178 3 view .LVU18
 174 0006 FFF7FEFF 		bl	osSystickHandler
 175              	.LVL1:
 179:Core/Src/stm32f4xx_it.c ****   /* USER CODE BEGIN SysTick_IRQn 1 */
 180:Core/Src/stm32f4xx_it.c **** 
ARM GAS  /var/folders/n1/76bg37b13ls08p1dhb9rhvd40000gn/T//cc9G2YA5.s 			page 7


 181:Core/Src/stm32f4xx_it.c ****   /* USER CODE END SysTick_IRQn 1 */
 182:Core/Src/stm32f4xx_it.c **** }
 176              		.loc 1 182 1 is_stmt 0 view .LVU19
 177 000a 08BD     		pop	{r3, pc}
 178              		.cfi_endproc
 179              	.LFE137:
 181              		.section	.text.HASH_RNG_IRQHandler,"ax",%progbits
 182              		.align	1
 183              		.global	HASH_RNG_IRQHandler
 184              		.syntax unified
 185              		.thumb
 186              		.thumb_func
 187              		.fpu fpv4-sp-d16
 189              	HASH_RNG_IRQHandler:
 190              	.LFB138:
 183:Core/Src/stm32f4xx_it.c **** 
 184:Core/Src/stm32f4xx_it.c **** /******************************************************************************/
 185:Core/Src/stm32f4xx_it.c **** /* STM32F4xx Peripheral Interrupt Handlers                                    */
 186:Core/Src/stm32f4xx_it.c **** /* Add here the Interrupt Handlers for the used peripherals.                  */
 187:Core/Src/stm32f4xx_it.c **** /* For the available peripheral interrupt handler names,                      */
 188:Core/Src/stm32f4xx_it.c **** /* please refer to the startup file (startup_stm32f4xx.s).                    */
 189:Core/Src/stm32f4xx_it.c **** /******************************************************************************/
 190:Core/Src/stm32f4xx_it.c **** 
 191:Core/Src/stm32f4xx_it.c **** /**
 192:Core/Src/stm32f4xx_it.c ****   * @brief This function handles HASH and RNG global interrupts.
 193:Core/Src/stm32f4xx_it.c ****   */
 194:Core/Src/stm32f4xx_it.c **** void HASH_RNG_IRQHandler(void)
 195:Core/Src/stm32f4xx_it.c **** {
 191              		.loc 1 195 1 is_stmt 1 view -0
 192              		.cfi_startproc
 193              		@ args = 0, pretend = 0, frame = 0
 194              		@ frame_needed = 0, uses_anonymous_args = 0
 195 0000 08B5     		push	{r3, lr}
 196              	.LCFI1:
 197              		.cfi_def_cfa_offset 8
 198              		.cfi_offset 3, -8
 199              		.cfi_offset 14, -4
 196:Core/Src/stm32f4xx_it.c ****   /* USER CODE BEGIN HASH_RNG_IRQn 0 */
 197:Core/Src/stm32f4xx_it.c **** 
 198:Core/Src/stm32f4xx_it.c ****   /* USER CODE END HASH_RNG_IRQn 0 */
 199:Core/Src/stm32f4xx_it.c ****   HAL_RNG_IRQHandler(&hrng);
 200              		.loc 1 199 3 view .LVU21
 201 0002 0248     		ldr	r0, .L15
 202 0004 FFF7FEFF 		bl	HAL_RNG_IRQHandler
 203              	.LVL2:
 200:Core/Src/stm32f4xx_it.c ****   /* USER CODE BEGIN HASH_RNG_IRQn 1 */
 201:Core/Src/stm32f4xx_it.c **** 
 202:Core/Src/stm32f4xx_it.c ****   /* USER CODE END HASH_RNG_IRQn 1 */
 203:Core/Src/stm32f4xx_it.c **** }
 204              		.loc 1 203 1 is_stmt 0 view .LVU22
 205 0008 08BD     		pop	{r3, pc}
 206              	.L16:
 207 000a 00BF     		.align	2
 208              	.L15:
 209 000c 00000000 		.word	hrng
 210              		.cfi_endproc
 211              	.LFE138:
ARM GAS  /var/folders/n1/76bg37b13ls08p1dhb9rhvd40000gn/T//cc9G2YA5.s 			page 8


 213              		.text
 214              	.Letext0:
 215              		.file 2 "/Users/drb/Downloads/gcc-arm-none-eabi-8-2018-q4-major/arm-none-eabi/include/machine/_def
 216              		.file 3 "/Users/drb/Downloads/gcc-arm-none-eabi-8-2018-q4-major/arm-none-eabi/include/sys/_stdint.
 217              		.file 4 "Drivers/CMSIS/Include/core_cm4.h"
 218              		.file 5 "Drivers/CMSIS/Device/ST/STM32F4xx/Include/system_stm32f4xx.h"
 219              		.file 6 "Drivers/CMSIS/Device/ST/STM32F4xx/Include/stm32f427xx.h"
 220              		.file 7 "/Users/drb/Downloads/gcc-arm-none-eabi-8-2018-q4-major/arm-none-eabi/include/sys/lock.h"
 221              		.file 8 "/Users/drb/Downloads/gcc-arm-none-eabi-8-2018-q4-major/arm-none-eabi/include/sys/_types.h
 222              		.file 9 "/Users/drb/Downloads/gcc-arm-none-eabi-8-2018-q4-major/lib/gcc/arm-none-eabi/8.2.1/includ
 223              		.file 10 "/Users/drb/Downloads/gcc-arm-none-eabi-8-2018-q4-major/arm-none-eabi/include/sys/reent.h
 224              		.file 11 "Drivers/STM32F4xx_HAL_Driver/Inc/stm32f4xx_hal_def.h"
 225              		.file 12 "Drivers/STM32F4xx_HAL_Driver/Inc/stm32f4xx_hal_rng.h"
 226              		.file 13 "Drivers/STM32F4xx_HAL_Driver/Inc/stm32f4xx_hal.h"
 227              		.file 14 "Middlewares/Third_Party/FreeRTOS/Source/CMSIS_RTOS/cmsis_os.h"
ARM GAS  /var/folders/n1/76bg37b13ls08p1dhb9rhvd40000gn/T//cc9G2YA5.s 			page 9


DEFINED SYMBOLS
                            *ABS*:0000000000000000 stm32f4xx_it.c
/var/folders/n1/76bg37b13ls08p1dhb9rhvd40000gn/T//cc9G2YA5.s:18     .text.NMI_Handler:0000000000000000 $t
/var/folders/n1/76bg37b13ls08p1dhb9rhvd40000gn/T//cc9G2YA5.s:26     .text.NMI_Handler:0000000000000000 NMI_Handler
/var/folders/n1/76bg37b13ls08p1dhb9rhvd40000gn/T//cc9G2YA5.s:40     .text.HardFault_Handler:0000000000000000 $t
/var/folders/n1/76bg37b13ls08p1dhb9rhvd40000gn/T//cc9G2YA5.s:47     .text.HardFault_Handler:0000000000000000 HardFault_Handler
/var/folders/n1/76bg37b13ls08p1dhb9rhvd40000gn/T//cc9G2YA5.s:63     .text.MemManage_Handler:0000000000000000 $t
/var/folders/n1/76bg37b13ls08p1dhb9rhvd40000gn/T//cc9G2YA5.s:70     .text.MemManage_Handler:0000000000000000 MemManage_Handler
/var/folders/n1/76bg37b13ls08p1dhb9rhvd40000gn/T//cc9G2YA5.s:86     .text.BusFault_Handler:0000000000000000 $t
/var/folders/n1/76bg37b13ls08p1dhb9rhvd40000gn/T//cc9G2YA5.s:93     .text.BusFault_Handler:0000000000000000 BusFault_Handler
/var/folders/n1/76bg37b13ls08p1dhb9rhvd40000gn/T//cc9G2YA5.s:109    .text.UsageFault_Handler:0000000000000000 $t
/var/folders/n1/76bg37b13ls08p1dhb9rhvd40000gn/T//cc9G2YA5.s:116    .text.UsageFault_Handler:0000000000000000 UsageFault_Handler
/var/folders/n1/76bg37b13ls08p1dhb9rhvd40000gn/T//cc9G2YA5.s:132    .text.DebugMon_Handler:0000000000000000 $t
/var/folders/n1/76bg37b13ls08p1dhb9rhvd40000gn/T//cc9G2YA5.s:139    .text.DebugMon_Handler:0000000000000000 DebugMon_Handler
/var/folders/n1/76bg37b13ls08p1dhb9rhvd40000gn/T//cc9G2YA5.s:152    .text.SysTick_Handler:0000000000000000 $t
/var/folders/n1/76bg37b13ls08p1dhb9rhvd40000gn/T//cc9G2YA5.s:159    .text.SysTick_Handler:0000000000000000 SysTick_Handler
/var/folders/n1/76bg37b13ls08p1dhb9rhvd40000gn/T//cc9G2YA5.s:182    .text.HASH_RNG_IRQHandler:0000000000000000 $t
/var/folders/n1/76bg37b13ls08p1dhb9rhvd40000gn/T//cc9G2YA5.s:189    .text.HASH_RNG_IRQHandler:0000000000000000 HASH_RNG_IRQHandler
/var/folders/n1/76bg37b13ls08p1dhb9rhvd40000gn/T//cc9G2YA5.s:209    .text.HASH_RNG_IRQHandler:000000000000000c $d

UNDEFINED SYMBOLS
HAL_IncTick
osSystickHandler
HAL_RNG_IRQHandler
hrng
